[SUCCESS] 5/6/2026, 9:59:23 AM - AC Installation in Abbotsford (1159 words)
[SUCCESS] 5/6/2026, 10:01:21 AM - AC Installation in Airdrie (1213 words)
[SUCCESS] 5/6/2026, 10:02:06 AM - AC Installation in Brampton (1406 words)
[SUCCESS] 5/6/2026, 10:02:59 AM - AC Installation in Brandon (1193 words)
[SUCCESS] 5/6/2026, 10:06:13 AM - AC Installation in Burnaby (1242 words)
[SUCCESS] 5/6/2026, 10:07:17 AM - AC Installation in Burnaby (1291 words)
[SUCCESS] 5/6/2026, 10:07:39 AM - AC Installation in Calgary (1183 words)
[SUCCESS] 5/6/2026, 10:11:29 AM - AC Installation in Charlottetown (1122 words)
[SUCCESS] 5/6/2026, 10:12:35 AM - AC Installation in Conception Bay South (1280 words)
[SUCCESS] 5/6/2026, 10:13:35 AM - AC Installation in Coquitlam (1152 words)
[SUCCESS] 5/6/2026, 10:14:59 AM - AC Installation in Corner Brook (1272 words)
[SUCCESS] 5/6/2026, 10:16:01 AM - AC Installation in Cornwall (1145 words)
[SUCCESS] 5/6/2026, 10:16:58 AM - AC Installation in Dieppe (1209 words)
[SUCCESS] 5/6/2026, 10:17:43 AM - AC Installation in Edmonton (1148 words)
[SUCCESS] 5/6/2026, 10:18:48 AM - AC Installation in Fort McMurray (1180 words)
[SUCCESS] 5/6/2026, 10:19:44 AM - AC Installation in Fredericton (1159 words)
[SUCCESS] 5/6/2026, 10:21:08 AM - AC Installation in Gatineau (1324 words)
[SUCCESS] 5/6/2026, 10:22:10 AM - AC Installation in Glace Bay (1163 words)
[FAILED] 5/6/2026, 10:23:45 AM - AC Installation in Grande Prairie
[SUCCESS] 5/6/2026, 10:25:26 AM - AC Installation in Halifax (1225 words)
[SUCCESS] 5/6/2026, 10:26:14 AM - AC Installation in Hamilton (1253 words)
[SUCCESS] 5/6/2026, 10:27:00 AM - AC Installation in Iqaluit (1243 words)
[SUCCESS] 5/6/2026, 10:28:26 AM - AC Installation in Kelowna (1428 words)
[SUCCESS] 5/6/2026, 10:29:30 AM - AC Installation in Kitchener (1283 words)
[SUCCESS] 5/6/2026, 10:30:31 AM - AC Installation in Laval (1327 words)
[SUCCESS] 5/6/2026, 10:32:16 AM - AC Installation in Lethbridge (1324 words)
[SUCCESS] 5/6/2026, 10:33:01 AM - AC Installation in Levis (1346 words)
[SUCCESS] 5/6/2026, 10:34:07 AM - AC Installation in London (1554 words)
[SUCCESS] 5/6/2026, 10:34:45 AM - AC Installation in Longueuil (1191 words)
[SUCCESS] 5/6/2026, 10:35:53 AM - AC Installation in Markham (1462 words)
[SUCCESS] 5/6/2026, 10:36:36 AM - AC Installation in Medicine Hat (1026 words)
[SUCCESS] 5/6/2026, 10:37:34 AM - AC Installation in Mississauga (1080 words)
[SUCCESS] 5/6/2026, 10:38:29 AM - AC Installation in Moncton (1476 words)
[SUCCESS] 5/6/2026, 10:39:17 AM - AC Installation in Moose Jaw (1250 words)
[SUCCESS] 5/6/2026, 10:40:32 AM - AC Installation in Mount Pearl (1683 words)
[SUCCESS] 5/6/2026, 10:41:38 AM - AC Installation in New Glasgow (1182 words)
[SUCCESS] 5/6/2026, 10:42:36 AM - AC Installation in Ottawa (1094 words)
[SUCCESS] 5/6/2026, 10:43:30 AM - AC Installation in Paradise (1051 words)
[SUCCESS] 5/6/2026, 10:44:53 AM - AC Installation in Portage la Prairie (1422 words)
[SUCCESS] 5/6/2026, 10:45:41 AM - AC Installation in Prince Albert (1349 words)
[SUCCESS] 5/6/2026, 10:46:20 AM - AC Installation in Quebec City (1120 words)
[FAILED] 5/6/2026, 10:47:59 AM - AC Installation in Red Deer
[SUCCESS] 5/6/2026, 10:49:24 AM - AC Installation in Regina (1224 words)
[SUCCESS] 5/6/2026, 10:50:14 AM - AC Installation in Richmond (1495 words)
[SUCCESS] 5/6/2026, 10:52:51 AM - AC Installation in Saguenay (1187 words)
[SUCCESS] 5/6/2026, 10:54:17 AM - AC Installation in Saint John (1157 words)
[SUCCESS] 5/6/2026, 10:55:12 AM - AC Installation in Saskatoon (1420 words)
[SUCCESS] 5/6/2026, 10:56:22 AM - AC Installation in Sherbrooke (1169 words)
[SUCCESS] 5/6/2026, 10:57:42 AM - AC Installation in St. John's (1378 words)
[SUCCESS] 5/6/2026, 10:58:20 AM - AC Installation in Steinbach (1045 words)
[SUCCESS] 5/6/2026, 10:59:15 AM - AC Installation in Stratford (1468 words)
[SUCCESS] 5/6/2026, 11:00:09 AM - AC Installation in Summerside (1163 words)
[SUCCESS] 5/6/2026, 11:00:55 AM - AC Installation in Surrey (1171 words)
[SUCCESS] 5/6/2026, 11:01:45 AM - AC Installation in Swift Current (1166 words)
[SUCCESS] 5/6/2026, 11:03:06 AM - AC Installation in Sydney (1234 words)
[SUCCESS] 5/6/2026, 11:04:07 AM - AC Installation in Thompson (1329 words)
[FAILED] 5/6/2026, 11:05:15 AM - AC Installation in Toronto
[SUCCESS] 5/6/2026, 11:06:00 AM - AC Installation in Truro (1320 words)
[SUCCESS] 5/6/2026, 11:07:37 AM - AC Installation in Vancouver (1354 words)
[SUCCESS] 5/6/2026, 11:09:04 AM - AC Installation in Vaughan (1181 words)
[SUCCESS] 5/6/2026, 11:10:11 AM - AC Installation in Victoria (1192 words)
[SUCCESS] 5/6/2026, 11:11:07 AM - AC Installation in Whitehorse (1393 words)
[SUCCESS] 5/6/2026, 11:12:00 AM - AC Installation in Windsor (1297 words)
[SUCCESS] 5/6/2026, 11:13:11 AM - AC Installation in Winnipeg (1060 words)
[SUCCESS] 5/6/2026, 11:14:43 AM - AC Installation in Yellowknife (1345 words)
[SUCCESS] 5/6/2026, 11:15:21 AM - AC Maintenance in Abbotsford (1137 words)
[SUCCESS] 5/6/2026, 11:15:58 AM - AC Maintenance in Airdrie (1373 words)
[SUCCESS] 5/6/2026, 11:16:29 AM - AC Maintenance in Brampton (1404 words)
[SUCCESS] 5/6/2026, 11:17:08 AM - AC Maintenance in Brandon (1379 words)
[SUCCESS] 5/6/2026, 11:17:49 AM - AC Maintenance in Burnaby (1192 words)
[SUCCESS] 5/6/2026, 11:18:33 AM - AC Maintenance in Calgary (1178 words)
[SUCCESS] 5/6/2026, 11:19:17 AM - AC Maintenance in Charlottetown (1503 words)
[SUCCESS] 5/6/2026, 11:19:54 AM - AC Maintenance in Conception Bay South (1472 words)
[SUCCESS] 5/6/2026, 11:20:44 AM - AC Maintenance in Coquitlam (1295 words)
[SUCCESS] 5/6/2026, 11:21:25 AM - AC Maintenance in Corner Brook (1330 words)
[SUCCESS] 5/6/2026, 11:22:11 AM - AC Maintenance in Cornwall (1554 words)
[SUCCESS] 5/6/2026, 11:22:40 AM - AC Maintenance in Dieppe (1261 words)
[SUCCESS] 5/6/2026, 11:23:25 AM - AC Maintenance in Edmonton (1503 words)
[SUCCESS] 5/6/2026, 11:24:12 AM - AC Maintenance in Fort McMurray (1565 words)
[SUCCESS] 5/6/2026, 11:24:58 AM - AC Maintenance in Fredericton (1376 words)
[SUCCESS] 5/6/2026, 11:25:36 AM - AC Maintenance in Gatineau (1306 words)
[SUCCESS] 5/6/2026, 11:26:34 AM - AC Maintenance in Glace Bay (1299 words)
[SUCCESS] 5/6/2026, 11:27:42 AM - AC Maintenance in Grande Prairie (1492 words)
[SUCCESS] 5/6/2026, 11:28:35 AM - AC Maintenance in Halifax (1181 words)
[SUCCESS] 5/6/2026, 11:29:19 AM - AC Maintenance in Hamilton (1321 words)
[SUCCESS] 5/6/2026, 11:30:14 AM - AC Maintenance in Iqaluit (1235 words)
[SUCCESS] 5/6/2026, 11:31:00 AM - AC Maintenance in Kelowna (1397 words)
[SUCCESS] 5/6/2026, 11:31:51 AM - AC Maintenance in Kitchener (1197 words)
[SUCCESS] 5/6/2026, 11:32:32 AM - AC Maintenance in Laval (1676 words)
[SUCCESS] 5/6/2026, 11:33:04 AM - AC Maintenance in Lethbridge (1620 words)
[SUCCESS] 5/6/2026, 11:33:41 AM - AC Maintenance in Levis (1329 words)
[SUCCESS] 5/6/2026, 11:34:27 AM - AC Maintenance in London (1028 words)
[SUCCESS] 5/6/2026, 11:35:09 AM - AC Maintenance in Longueuil (1309 words)
[SUCCESS] 5/6/2026, 11:35:44 AM - AC Maintenance in Markham (1302 words)
[SUCCESS] 5/6/2026, 11:36:33 AM - AC Maintenance in Medicine Hat (1249 words)
[SUCCESS] 5/6/2026, 11:37:09 AM - AC Maintenance in Mississauga (1271 words)
[SUCCESS] 5/6/2026, 11:37:51 AM - AC Maintenance in Moncton (1309 words)
[FAILED] 5/6/2026, 11:38:09 AM - AC Maintenance in Moose Jaw
[SUCCESS] 5/6/2026, 11:38:37 AM - AC Maintenance in Mount Pearl (1079 words)
[SUCCESS] 5/6/2026, 11:39:20 AM - AC Maintenance in New Glasgow (1222 words)
[SUCCESS] 5/6/2026, 11:40:04 AM - AC Maintenance in Ottawa (1336 words)
[SUCCESS] 5/6/2026, 11:40:57 AM - AC Maintenance in Paradise (1326 words)
[SUCCESS] 5/6/2026, 11:41:43 AM - AC Maintenance in Portage la Prairie (1364 words)
[SUCCESS] 5/6/2026, 11:42:31 AM - AC Maintenance in Prince Albert (1347 words)
[SUCCESS] 5/6/2026, 11:43:09 AM - AC Maintenance in Quebec City (1177 words)
[SUCCESS] 5/6/2026, 11:43:44 AM - AC Maintenance in Red Deer (1478 words)
[SUCCESS] 5/6/2026, 11:44:49 AM - AC Maintenance in Regina (1384 words)
[SUCCESS] 5/6/2026, 11:45:31 AM - AC Maintenance in Richmond (1284 words)
[SUCCESS] 5/6/2026, 11:46:09 AM - AC Maintenance in Saguenay (1332 words)
[SUCCESS] 5/6/2026, 11:46:37 AM - AC Maintenance in Saint John (1214 words)
[SUCCESS] 5/6/2026, 11:47:23 AM - AC Maintenance in Saskatoon (1404 words)
[SUCCESS] 5/6/2026, 11:48:01 AM - AC Maintenance in Sherbrooke (1366 words)
[SUCCESS] 5/6/2026, 11:48:32 AM - AC Maintenance in St. John's (1336 words)
[SUCCESS] 5/6/2026, 11:49:03 AM - AC Maintenance in Steinbach (1409 words)
[SUCCESS] 5/6/2026, 11:49:33 AM - AC Maintenance in Stratford (1239 words)
[SUCCESS] 5/6/2026, 11:50:17 AM - AC Maintenance in Summerside (1483 words)
[SUCCESS] 5/6/2026, 11:51:00 AM - AC Maintenance in Surrey (1282 words)
[SUCCESS] 5/6/2026, 11:52:03 AM - AC Maintenance in Swift Current (1450 words)
[SUCCESS] 5/6/2026, 11:52:45 AM - AC Maintenance in Sydney (1183 words)
[SUCCESS] 5/6/2026, 11:53:25 AM - AC Maintenance in Thompson (1260 words)
[SUCCESS] 5/6/2026, 11:54:06 AM - AC Maintenance in Toronto (1474 words)
[SUCCESS] 5/6/2026, 11:54:43 AM - AC Maintenance in Truro (1360 words)
[SUCCESS] 5/6/2026, 11:55:30 AM - AC Maintenance in Vancouver (1351 words)
[SUCCESS] 5/6/2026, 11:56:09 AM - AC Maintenance in Vaughan (1166 words)
[SUCCESS] 5/6/2026, 11:56:50 AM - AC Maintenance in Victoria (1231 words)
[SUCCESS] 5/6/2026, 11:57:20 AM - AC Maintenance in Whitehorse (1210 words)
[SUCCESS] 5/6/2026, 11:57:58 AM - AC Maintenance in Windsor (1159 words)
[SUCCESS] 5/6/2026, 11:58:30 AM - AC Maintenance in Winnipeg (1251 words)
[SUCCESS] 5/6/2026, 11:59:11 AM - AC Maintenance in Yellowknife (1244 words)
[SUCCESS] 5/6/2026, 11:59:39 AM - AC Repair in Abbotsford (1159 words)
[SUCCESS] 5/6/2026, 12:00:21 PM - AC Repair in Airdrie (1079 words)
[SUCCESS] 5/6/2026, 12:00:50 PM - AC Repair in Brampton (1210 words)
[SUCCESS] 5/6/2026, 12:01:32 PM - AC Repair in Brandon (1495 words)
[SUCCESS] 5/6/2026, 12:02:10 PM - AC Repair in Burnaby (1172 words)
[SUCCESS] 5/6/2026, 12:02:56 PM - AC Repair in Calgary (1372 words)
[SUCCESS] 5/6/2026, 12:03:27 PM - AC Repair in Charlottetown (1310 words)
[SUCCESS] 5/6/2026, 12:03:58 PM - AC Repair in Conception Bay South (1477 words)
[SUCCESS] 5/6/2026, 12:04:42 PM - AC Repair in Coquitlam (1452 words)
[SUCCESS] 5/6/2026, 12:05:23 PM - AC Repair in Corner Brook (1182 words)
[SUCCESS] 5/6/2026, 12:05:53 PM - AC Repair in Cornwall (1312 words)
[SUCCESS] 5/6/2026, 12:06:23 PM - AC Repair in Dieppe (1283 words)
[SUCCESS] 5/6/2026, 12:07:04 PM - AC Repair in Edmonton (1271 words)
[SUCCESS] 5/6/2026, 12:07:36 PM - AC Repair in Fort McMurray (1594 words)
[SUCCESS] 5/6/2026, 12:08:22 PM - AC Repair in Fredericton (1445 words)
[SUCCESS] 5/6/2026, 12:08:56 PM - AC Repair in Gatineau (1581 words)
[SUCCESS] 5/6/2026, 12:09:28 PM - AC Repair in Glace Bay (1447 words)
[SUCCESS] 5/6/2026, 12:10:12 PM - AC Repair in Grande Prairie (1323 words)
[SUCCESS] 5/6/2026, 12:10:57 PM - AC Repair in Halifax (1095 words)
[SUCCESS] 5/6/2026, 12:11:30 PM - AC Repair in Hamilton (1247 words)
[SUCCESS] 5/6/2026, 12:12:15 PM - AC Repair in Iqaluit (1241 words)
[SUCCESS] 5/6/2026, 12:13:04 PM - AC Repair in Kelowna (1658 words)
[SUCCESS] 5/6/2026, 12:13:32 PM - AC Repair in Kitchener (1094 words)
[SUCCESS] 5/6/2026, 12:14:14 PM - AC Repair in Laval (1396 words)
[SUCCESS] 5/6/2026, 12:14:45 PM - AC Repair in Lethbridge (1190 words)
[SUCCESS] 5/6/2026, 12:15:16 PM - AC Repair in Levis (1461 words)
[SUCCESS] 5/6/2026, 12:15:44 PM - AC Repair in London (1042 words)
[SUCCESS] 5/6/2026, 12:16:27 PM - AC Repair in Longueuil (1188 words)
[SUCCESS] 5/6/2026, 12:17:14 PM - AC Repair in Markham (1319 words)
[SUCCESS] 5/6/2026, 12:17:45 PM - AC Repair in Medicine Hat (1411 words)
[SUCCESS] 5/6/2026, 12:18:24 PM - AC Repair in Mississauga (1477 words)
[SUCCESS] 5/6/2026, 12:18:56 PM - AC Repair in Moncton (1530 words)
[SUCCESS] 5/6/2026, 12:19:44 PM - AC Repair in Moose Jaw (1407 words)
[SUCCESS] 5/6/2026, 12:20:24 PM - AC Repair in Mount Pearl (1118 words)
[SUCCESS] 5/6/2026, 12:21:10 PM - AC Repair in New Glasgow (1152 words)
[SUCCESS] 5/6/2026, 12:21:44 PM - AC Repair in Ottawa (1269 words)
[SUCCESS] 5/6/2026, 12:22:19 PM - AC Repair in Paradise (1048 words)
[SUCCESS] 5/6/2026, 12:22:58 PM - AC Repair in Portage la Prairie (1475 words)
[SUCCESS] 5/6/2026, 12:23:28 PM - AC Repair in Prince Albert (1479 words)
[SUCCESS] 5/6/2026, 12:23:58 PM - AC Repair in Quebec City (1194 words)
[SUCCESS] 5/6/2026, 12:24:35 PM - AC Repair in Red Deer (1448 words)
[SUCCESS] 5/6/2026, 12:25:23 PM - AC Repair in Regina (1324 words)
[SUCCESS] 5/6/2026, 12:26:11 PM - AC Repair in Richmond (1634 words)
[SUCCESS] 5/6/2026, 12:26:42 PM - AC Repair in Saguenay (1379 words)
[SUCCESS] 5/6/2026, 12:27:22 PM - AC Repair in Saint John (1213 words)
[SUCCESS] 5/6/2026, 12:27:54 PM - AC Repair in Saskatoon (1403 words)
[SUCCESS] 5/6/2026, 12:28:41 PM - AC Repair in Sherbrooke (1267 words)
[SUCCESS] 5/6/2026, 12:29:13 PM - AC Repair in St. John's (1561 words)
[SUCCESS] 5/6/2026, 12:29:49 PM - AC Repair in Steinbach (1244 words)
[SUCCESS] 5/6/2026, 12:30:21 PM - AC Repair in Stratford (1184 words)
[SUCCESS] 5/6/2026, 12:31:03 PM - AC Repair in Summerside (1222 words)
     5/6/2026, 12:31:44 PM - AC Repair in Surrey
[SUCCESS] 5/6/2026, 12:32:14 PM - AC Repair in Swift Current (1149 words)
[SUCCESS] 5/6/2026, 12:32:45 PM - AC Repair in Sydney (1359 words)
[SUCCESS] 5/6/2026, 12:33:25 PM - AC Repair in Thompson (1214 words)
[SUCCESS] 5/6/2026, 12:33:59 PM - AC Repair in Toronto (1397 words)
[SUCCESS] 5/6/2026, 12:34:43 PM - AC Repair in Truro (1186 words)
[SUCCESS] 5/6/2026, 12:35:15 PM - AC Repair in Vancouver (1389 words)
[SUCCESS] 5/6/2026, 12:36:03 PM - AC Repair in Vaughan (1195 words)
[SUCCESS] 5/6/2026, 12:36:48 PM - AC Repair in Victoria (1262 words)
[SUCCESS] 5/6/2026, 12:37:26 PM - AC Repair in Whitehorse (1252 words)
[SUCCESS] 5/6/2026, 12:38:26 PM - AC Repair in Windsor (1151 words)
[SUCCESS] 5/6/2026, 12:39:14 PM - AC Repair in Winnipeg (1376 words)
[SUCCESS] 5/6/2026, 12:40:17 PM - AC Repair in Yellowknife (1460 words)
[SUCCESS] 5/6/2026, 12:40:56 PM - Bathroom Fittings in Abbotsford (1303 words)
[SUCCESS] 5/6/2026, 12:41:28 PM - Bathroom Fittings in Airdrie (1178 words)
[SUCCESS] 5/6/2026, 12:41:57 PM - Bathroom Fittings in Brampton (1206 words)
[SUCCESS] 5/6/2026, 12:42:36 PM - Bathroom Fittings in Brandon (1425 words)
[SUCCESS] 5/6/2026, 12:43:05 PM - Bathroom Fittings in Burnaby (1197 words)
[SUCCESS] 5/6/2026, 12:43:36 PM - Bathroom Fittings in Calgary (1141 words)
[SUCCESS] 5/6/2026, 12:44:17 PM - Bathroom Fittings in Charlottetown (1199 words)
[SUCCESS] 5/6/2026, 12:44:48 PM - Bathroom Fittings in Conception Bay South (1355 words)
[SUCCESS] 5/6/2026, 12:45:19 PM - Bathroom Fittings in Coquitlam (1432 words)
[SUCCESS] 5/6/2026, 12:45:53 PM - Bathroom Fittings in Corner Brook (1174 words)
[SUCCESS] 5/6/2026, 12:46:21 PM - Bathroom Fittings in Cornwall (1078 words)
[SUCCESS] 5/6/2026, 12:46:52 PM - Bathroom Fittings in Dieppe (1343 words)
[SUCCESS] 5/6/2026, 12:47:23 PM - Bathroom Fittings in Edmonton (1239 words)
[SUCCESS] 5/6/2026, 12:47:58 PM - Bathroom Fittings in Fort McMurray (1290 words)
[SUCCESS] 5/6/2026, 12:48:27 PM - Bathroom Fittings in Fredericton (1281 words)
[SUCCESS] 5/6/2026, 12:49:10 PM - Bathroom Fittings in Gatineau (1306 words)
[SUCCESS] 5/6/2026, 12:49:40 PM - Bathroom Fittings in Glace Bay (1232 words)
[SUCCESS] 5/6/2026, 12:50:29 PM - Bathroom Fittings in Grande Prairie (1371 words)
[SUCCESS] 5/6/2026, 12:50:59 PM - Bathroom Fittings in Halifax (1264 words)
[SUCCESS] 5/6/2026, 12:51:47 PM - Bathroom Fittings in Hamilton (1272 words)
[SUCCESS] 5/6/2026, 12:52:17 PM - Bathroom Fittings in Iqaluit (1283 words)
[SUCCESS] 5/6/2026, 12:52:46 PM - Bathroom Fittings in Kelowna (1182 words)
[SUCCESS] 5/6/2026, 12:53:14 PM - Bathroom Fittings in Kitchener (1027 words)
[SUCCESS] 5/6/2026, 12:53:46 PM - Bathroom Fittings in Laval (1358 words)
[SUCCESS] 5/6/2026, 12:54:21 PM - Bathroom Fittings in Lethbridge (1176 words)
[SUCCESS] 5/6/2026, 12:54:50 PM - Bathroom Fittings in Levis (1261 words)
[SUCCESS] 5/6/2026, 12:55:22 PM - Bathroom Fittings in London (1197 words)
[SUCCESS] 5/6/2026, 12:55:56 PM - Bathroom Fittings in Longueuil (1126 words)
[SUCCESS] 5/6/2026, 12:56:26 PM - Bathroom Fittings in Markham (1354 words)
[SUCCESS] 5/6/2026, 12:57:18 PM - Bathroom Fittings in Medicine Hat (1114 words)
[SUCCESS] 5/6/2026, 12:57:47 PM - Bathroom Fittings in Mississauga (1163 words)
[SUCCESS] 5/6/2026, 12:58:21 PM - Bathroom Fittings in Moncton (1208 words)
[SUCCESS] 5/6/2026, 12:58:59 PM - Bathroom Fittings in Moose Jaw (1249 words)
[SUCCESS] 5/6/2026, 12:59:48 PM - Bathroom Fittings in Mount Pearl (1217 words)
[SUCCESS] 5/6/2026, 1:00:27 PM - Bathroom Fittings in New Glasgow (1300 words)
[SUCCESS] 5/6/2026, 1:00:59 PM - Bathroom Fittings in Ottawa (1443 words)
[SUCCESS] 5/6/2026, 1:01:44 PM - Bathroom Fittings in Paradise (1242 words)
[SUCCESS] 5/6/2026, 1:02:13 PM - Bathroom Fittings in Portage la Prairie (1352 words)
[SUCCESS] 5/6/2026, 1:02:50 PM - Bathroom Fittings in Prince Albert (1139 words)
[SUCCESS] 5/6/2026, 1:03:27 PM - Bathroom Fittings in Quebec City (1208 words)
[SUCCESS] 5/6/2026, 1:04:07 PM - Bathroom Fittings in Red Deer (1202 words)
[SUCCESS] 5/6/2026, 1:04:42 PM - Bathroom Fittings in Regina (1207 words)
[SUCCESS] 5/6/2026, 1:05:28 PM - Bathroom Fittings in Richmond (1427 words)
[SUCCESS] 5/6/2026, 1:06:08 PM - Bathroom Fittings in Saguenay (1519 words)
[SUCCESS] 5/6/2026, 1:06:38 PM - Bathroom Fittings in Saint John (1207 words)
[SUCCESS] 5/6/2026, 1:07:08 PM - Bathroom Fittings in Saskatoon (1135 words)
[SUCCESS] 5/6/2026, 1:07:46 PM - Bathroom Fittings in Sherbrooke (1198 words)
[SUCCESS] 5/6/2026, 1:08:34 PM - Bathroom Fittings in St. John's (1400 words)
[SUCCESS] 5/6/2026, 1:09:04 PM - Bathroom Fittings in Steinbach (1181 words)
[SUCCESS] 5/6/2026, 1:09:34 PM - Bathroom Fittings in Stratford (1252 words)
[SUCCESS] 5/6/2026, 1:10:10 PM - Bathroom Fittings in Summerside (1181 words)
[SUCCESS] 5/6/2026, 1:10:54 PM - Bathroom Fittings in Surrey (1361 words)
[SUCCESS] 5/6/2026, 1:11:25 PM - Bathroom Fittings in Swift Current (1353 words)
[SUCCESS] 5/6/2026, 1:11:56 PM - Bathroom Fittings in Sydney (1313 words)
[SUCCESS] 5/6/2026, 1:12:32 PM - Bathroom Fittings in Thompson (1181 words)
[SUCCESS] 5/6/2026, 1:13:05 PM - Bathroom Fittings in Toronto (1188 words)
[SUCCESS] 5/6/2026, 1:13:49 PM - Bathroom Fittings in Truro (1150 words)
[SUCCESS] 5/6/2026, 1:14:42 PM - Bathroom Fittings in Vancouver (1154 words)
[SUCCESS] 5/6/2026, 1:15:13 PM - Bathroom Fittings in Vaughan (1289 words)
[SUCCESS] 5/6/2026, 1:15:57 PM - Bathroom Fittings in Victoria (1430 words)
[SUCCESS] 5/6/2026, 1:16:38 PM - Bathroom Fittings in Whitehorse (1435 words)
[SUCCESS] 5/6/2026, 1:17:26 PM - Bathroom Fittings in Windsor (1231 words)
[SUCCESS] 5/6/2026, 1:17:57 PM - Bathroom Fittings in Winnipeg (1288 words)
[FAILED] 5/6/2026, 1:18:36 PM - Bathroom Fittings in Yellowknife
[SUCCESS] 5/6/2026, 1:19:34 PM - Ceiling Fan Installation in Abbotsford (1394 words)
[SUCCESS] 5/6/2026, 1:20:06 PM - Ceiling Fan Installation in Airdrie (1144 words)
[SUCCESS] 5/6/2026, 1:20:38 PM - Ceiling Fan Installation in Brampton (1325 words)
[SUCCESS] 5/6/2026, 1:21:09 PM - Ceiling Fan Installation in Brandon (1313 words)
[SUCCESS] 5/6/2026, 1:22:08 PM - Ceiling Fan Installation in Burnaby (1399 words)
[SUCCESS] 5/6/2026, 1:22:38 PM - Ceiling Fan Installation in Calgary (1172 words)
[SUCCESS] 5/6/2026, 1:23:14 PM - Ceiling Fan Installation in Charlottetown (1424 words)
[FAILED] 5/6/2026, 1:23:45 PM - Ceiling Fan Installation in Conception Bay South
[SUCCESS] 5/6/2026, 1:24:21 PM - Ceiling Fan Installation in Coquitlam (1256 words)
[SUCCESS] 5/6/2026, 1:24:53 PM - Ceiling Fan Installation in Corner Brook (1294 words)
[SUCCESS] 5/6/2026, 1:25:29 PM - Ceiling Fan Installation in Cornwall (1274 words)
[SUCCESS] 5/6/2026, 1:25:59 PM - Ceiling Fan Installation in Dieppe (1397 words)
[SUCCESS] 5/6/2026, 1:26:36 PM - Ceiling Fan Installation in Edmonton (1225 words)
[SUCCESS] 5/6/2026, 1:27:23 PM - Ceiling Fan Installation in Fort McMurray (1404 words)
[SUCCESS] 5/6/2026, 1:28:03 PM - Ceiling Fan Installation in Fredericton (1298 words)
[SUCCESS] 5/6/2026, 1:28:51 PM - Ceiling Fan Installation in Gatineau (1294 words)
[SUCCESS] 5/6/2026, 1:29:28 PM - Ceiling Fan Installation in Glace Bay (1233 words)
[SUCCESS] 5/6/2026, 1:30:07 PM - Ceiling Fan Installation in Grande Prairie (1354 words)
[SUCCESS] 5/6/2026, 1:30:36 PM - Ceiling Fan Installation in Halifax (1025 words)
[SUCCESS] 5/6/2026, 1:31:08 PM - Ceiling Fan Installation in Hamilton (1287 words)
[SUCCESS] 5/6/2026, 1:31:39 PM - Ceiling Fan Installation in Iqaluit (1353 words)
[FAILED] 5/6/2026, 1:32:13 PM - Ceiling Fan Installation in Kelowna
[SUCCESS] 5/6/2026, 1:32:44 PM - Ceiling Fan Installation in Kitchener (1370 words)
[SUCCESS] 5/6/2026, 1:33:14 PM - Ceiling Fan Installation in Laval (1323 words)
[SUCCESS] 5/6/2026, 1:34:01 PM - Ceiling Fan Installation in Lethbridge (1242 words)
[SUCCESS] 5/6/2026, 1:34:43 PM - Ceiling Fan Installation in Levis (1569 words)
[SUCCESS] 5/6/2026, 1:35:13 PM - Ceiling Fan Installation in London (1053 words)
[SUCCESS] 5/6/2026, 1:36:08 PM - Ceiling Fan Installation in Longueuil (1144 words)
[SUCCESS] 5/6/2026, 1:36:48 PM - Ceiling Fan Installation in Markham (1358 words)
[SUCCESS] 5/6/2026, 1:37:26 PM - Ceiling Fan Installation in Medicine Hat (1106 words)
[SUCCESS] 5/6/2026, 1:38:02 PM - Ceiling Fan Installation in Mississauga (1207 words)
[SUCCESS] 5/6/2026, 1:38:37 PM - Ceiling Fan Installation in Moncton (1442 words)
[SUCCESS] 5/6/2026, 1:39:08 PM - Ceiling Fan Installation in Moose Jaw (1172 words)
[SUCCESS] 5/6/2026, 1:39:37 PM - Ceiling Fan Installation in Mount Pearl (1271 words)
[SUCCESS] 5/6/2026, 1:40:33 PM - Ceiling Fan Installation in New Glasgow (1390 words)
[SUCCESS] 5/6/2026, 1:41:03 PM - Ceiling Fan Installation in Ottawa (1208 words)
[SUCCESS] 5/6/2026, 1:41:42 PM - Ceiling Fan Installation in Paradise (1391 words)
[SUCCESS] 5/6/2026, 1:42:24 PM - Ceiling Fan Installation in Portage la Prairie (1181 words)
[SUCCESS] 5/6/2026, 1:42:57 PM - Ceiling Fan Installation in Prince Albert (1259 words)
[SUCCESS] 5/6/2026, 1:43:29 PM - Ceiling Fan Installation in Quebec City (1349 words)
[SUCCESS] 5/6/2026, 1:44:09 PM - Ceiling Fan Installation in Red Deer (1370 words)
[SUCCESS] 5/6/2026, 1:44:52 PM - Ceiling Fan Installation in Regina (1210 words)
[SUCCESS] 5/6/2026, 1:45:22 PM - Ceiling Fan Installation in Richmond (1306 words)
[SUCCESS] 5/6/2026, 1:45:58 PM - Ceiling Fan Installation in Saguenay (1302 words)
[SUCCESS] 5/6/2026, 1:46:26 PM - Ceiling Fan Installation in Saint John (1060 words)
[SUCCESS] 5/6/2026, 1:46:57 PM - Ceiling Fan Installation in Saskatoon (1092 words)
[SUCCESS] 5/6/2026, 1:47:32 PM - Ceiling Fan Installation in Sherbrooke (1190 words)
[SUCCESS] 5/6/2026, 1:48:11 PM - Ceiling Fan Installation in St. John's (1101 words)
[SUCCESS] 5/6/2026, 1:49:04 PM - Ceiling Fan Installation in Steinbach (1373 words)
[SUCCESS] 5/6/2026, 1:49:35 PM - Ceiling Fan Installation in Stratford (1344 words)
[SUCCESS] 5/6/2026, 1:50:13 PM - Ceiling Fan Installation in Summerside (1115 words)
[SUCCESS] 5/6/2026, 1:50:50 PM - Ceiling Fan Installation in Surrey (1256 words)
[SUCCESS] 5/6/2026, 1:51:36 PM - Ceiling Fan Installation in Swift Current (1375 words)
[SUCCESS] 5/6/2026, 1:52:04 PM - Ceiling Fan Installation in Sydney (1162 words)
[SUCCESS] 5/6/2026, 1:52:57 PM - Ceiling Fan Installation in Thompson (1270 words)
[SUCCESS] 5/6/2026, 1:53:26 PM - Ceiling Fan Installation in Toronto (1386 words)
[SUCCESS] 5/6/2026, 1:54:10 PM - Ceiling Fan Installation in Truro (1139 words)
[SUCCESS] 5/6/2026, 1:54:41 PM - Ceiling Fan Installation in Vancouver (1249 words)
[SUCCESS] 5/6/2026, 1:55:11 PM - Ceiling Fan Installation in Vaughan (1251 words)
[SUCCESS] 5/6/2026, 1:55:47 PM - Ceiling Fan Installation in Victoria (1292 words)
[SUCCESS] 5/6/2026, 1:56:29 PM - Ceiling Fan Installation in Whitehorse (1349 words)
[SUCCESS] 5/6/2026, 1:56:59 PM - Ceiling Fan Installation in Windsor (1224 words)
[SUCCESS] 5/6/2026, 1:57:31 PM - Ceiling Fan Installation in Winnipeg (1313 words)
[SUCCESS] 5/6/2026, 1:58:04 PM - Ceiling Fan Installation in Yellowknife (1038 words)
[SUCCESS] 5/6/2026, 1:58:45 PM - Commercial HVAC in Abbotsford (1431 words)
[SUCCESS] 5/6/2026, 1:59:25 PM - Commercial HVAC in Airdrie (1298 words)
[SUCCESS] 5/6/2026, 1:59:56 PM - Commercial HVAC in Brampton (1056 words)
[SUCCESS] 5/6/2026, 2:00:25 PM - Commercial HVAC in Brandon (1169 words)
[SUCCESS] 5/6/2026, 2:00:59 PM - Commercial HVAC in Burnaby (1348 words)
[SUCCESS] 5/6/2026, 2:01:34 PM - Commercial HVAC in Calgary (1261 words)
[SUCCESS] 5/6/2026, 2:02:04 PM - Commercial HVAC in Charlottetown (1225 words)
[SUCCESS] 5/6/2026, 2:02:59 PM - Commercial HVAC in Conception Bay South (1370 words)
[SUCCESS] 5/6/2026, 2:03:31 PM - Commercial HVAC in Coquitlam (1125 words)
[SUCCESS] 5/6/2026, 2:04:16 PM - Commercial HVAC in Corner Brook (1062 words)
[SUCCESS] 5/6/2026, 2:04:45 PM - Commercial HVAC in Cornwall (1098 words)
[SUCCESS] 5/6/2026, 2:05:36 PM - Commercial HVAC in Dieppe (1287 words)
[SUCCESS] 5/6/2026, 2:06:22 PM - Commercial HVAC in Edmonton (1280 words)
[SUCCESS] 5/6/2026, 2:07:07 PM - Commercial HVAC in Fort McMurray (1348 words)
[SUCCESS] 5/6/2026, 2:07:38 PM - Commercial HVAC in Fredericton (1197 words)
[SUCCESS] 5/6/2026, 2:08:21 PM - Commercial HVAC in Gatineau (1248 words)
[SUCCESS] 5/6/2026, 2:09:03 PM - Commercial HVAC in Glace Bay (1291 words)
[SUCCESS] 5/6/2026, 2:09:35 PM - Commercial HVAC in Grande Prairie (1247 words)
[SUCCESS] 5/6/2026, 2:10:06 PM - Commercial HVAC in Halifax (1251 words)
[SUCCESS] 5/6/2026, 2:10:37 PM - Commercial HVAC in Hamilton (1200 words)
[SUCCESS] 5/6/2026, 2:11:25 PM - Commercial HVAC in Iqaluit (1147 words)
[SUCCESS] 5/6/2026, 2:11:56 PM - Commercial HVAC in Kelowna (1115 words)
[SUCCESS] 5/6/2026, 2:12:58 PM - Commercial HVAC in Kitchener (1047 words)
[SUCCESS] 5/6/2026, 2:13:36 PM - Commercial HVAC in Laval (1202 words)
[FAILED] 5/6/2026, 2:14:05 PM - Commercial HVAC in Lethbridge
[SUCCESS] 5/6/2026, 2:14:36 PM - Commercial HVAC in Levis (1225 words)
[SUCCESS] 5/6/2026, 2:15:31 PM - Commercial HVAC in London (1454 words)
[SUCCESS] 5/6/2026, 2:16:04 PM - Commercial HVAC in Longueuil (1604 words)
[SUCCESS] 5/6/2026, 2:16:53 PM - Commercial HVAC in Markham (1362 words)
[SUCCESS] 5/6/2026, 2:17:41 PM - Commercial HVAC in Medicine Hat (1120 words)
[SUCCESS] 5/6/2026, 2:18:29 PM - Commercial HVAC in Mississauga (1045 words)
[SUCCESS] 5/6/2026, 2:19:00 PM - Commercial HVAC in Moncton (1397 words)
[SUCCESS] 5/6/2026, 2:19:54 PM - Commercial HVAC in Moose Jaw (1081 words)
[SUCCESS] 5/6/2026, 2:20:42 PM - Commercial HVAC in Mount Pearl (1551 words)
[SUCCESS] 5/6/2026, 2:21:11 PM - Commercial HVAC in New Glasgow (1120 words)
[SUCCESS] 5/6/2026, 2:22:10 PM - Commercial HVAC in Ottawa (1180 words)
[SUCCESS] 5/6/2026, 2:23:05 PM - Commercial HVAC in Paradise (1323 words)
[SUCCESS] 5/6/2026, 2:23:42 PM - Commercial HVAC in Portage la Prairie (1291 words)
[SUCCESS] 5/6/2026, 2:24:13 PM - Commercial HVAC in Prince Albert (1222 words)
[SUCCESS] 5/6/2026, 2:24:59 PM - Commercial HVAC in Quebec City (1405 words)
[SUCCESS] 5/6/2026, 2:25:36 PM - Commercial HVAC in Red Deer (1185 words)
[SUCCESS] 5/6/2026, 2:26:17 PM - Commercial HVAC in Regina (1383 words)
[SUCCESS] 5/6/2026, 2:26:47 PM - Commercial HVAC in Richmond (1138 words)
[SUCCESS] 5/6/2026, 2:27:33 PM - Commercial HVAC in Saguenay (1096 words)
[SUCCESS] 5/6/2026, 2:28:07 PM - Commercial HVAC in Saint John (1216 words)
[SUCCESS] 5/6/2026, 2:28:47 PM - Commercial HVAC in Saskatoon (1435 words)
[SUCCESS] 5/6/2026, 2:29:38 PM - Commercial HVAC in Sherbrooke (1318 words)
[SUCCESS] 5/6/2026, 2:30:11 PM - Commercial HVAC in St. John's (1440 words)
[SUCCESS] 5/6/2026, 2:30:48 PM - Commercial HVAC in Steinbach (1357 words)
[SUCCESS] 5/6/2026, 2:31:59 PM - Commercial HVAC in Stratford (1316 words)
[SUCCESS] 5/6/2026, 2:32:45 PM - Commercial HVAC in Summerside (1205 words)
[SUCCESS] 5/6/2026, 2:33:15 PM - Commercial HVAC in Surrey (1309 words)
[SUCCESS] 5/6/2026, 2:34:05 PM - Commercial HVAC in Swift Current (1103 words)
[SUCCESS] 5/6/2026, 2:34:35 PM - Commercial HVAC in Sydney (1133 words)
[SUCCESS] 5/6/2026, 2:35:30 PM - Commercial HVAC in Thompson (1071 words)
[SUCCESS] 5/6/2026, 2:36:02 PM - Commercial HVAC in Toronto (1413 words)
[SUCCESS] 5/6/2026, 2:36:41 PM - Commercial HVAC in Truro (1387 words)
[SUCCESS] 5/6/2026, 2:37:16 PM - Commercial HVAC in Vancouver (1341 words)
[SUCCESS] 5/6/2026, 2:37:47 PM - Commercial HVAC in Vaughan (1218 words)
[SUCCESS] 5/6/2026, 2:38:20 PM - Commercial HVAC in Victoria (1342 words)
[SUCCESS] 5/6/2026, 2:39:12 PM - Commercial HVAC in Whitehorse (1296 words)
[SUCCESS] 5/6/2026, 2:40:22 PM - Commercial HVAC in Windsor (1051 words)
[SUCCESS] 5/6/2026, 2:40:59 PM - Commercial HVAC in Winnipeg (1254 words)
[SUCCESS] 5/6/2026, 2:41:37 PM - Commercial HVAC in Yellowknife (1249 words)
[SUCCESS] 5/6/2026, 2:42:17 PM - Custom Cabinets in Abbotsford (1323 words)
[SUCCESS] 5/6/2026, 2:42:58 PM - Custom Cabinets in Airdrie (1045 words)
[SUCCESS] 5/6/2026, 2:43:46 PM - Custom Cabinets in Brampton (1204 words)
[SUCCESS] 5/6/2026, 2:44:34 PM - Custom Cabinets in Brandon (1035 words)
[SUCCESS] 5/6/2026, 2:45:05 PM - Custom Cabinets in Burnaby (1206 words)
[SUCCESS] 5/6/2026, 2:45:48 PM - Custom Cabinets in Calgary (1176 words)
[SUCCESS] 5/6/2026, 2:46:19 PM - Custom Cabinets in Charlottetown (1223 words)
[SUCCESS] 5/6/2026, 2:47:17 PM - Custom Cabinets in Conception Bay South (1416 words)
[SUCCESS] 5/6/2026, 2:47:58 PM - Custom Cabinets in Coquitlam (1171 words)
[SUCCESS] 5/6/2026, 2:48:42 PM - Custom Cabinets in Corner Brook (1127 words)
[SUCCESS] 5/6/2026, 2:49:17 PM - Custom Cabinets in Cornwall (1235 words)
[SUCCESS] 5/6/2026, 2:49:51 PM - Custom Cabinets in Dieppe (1141 words)
[SUCCESS] 5/6/2026, 2:50:38 PM - Custom Cabinets in Edmonton (1215 words)
[SUCCESS] 5/6/2026, 2:52:07 PM - Custom Cabinets in Fort McMurray (1247 words)
[SUCCESS] 5/6/2026, 2:53:19 PM - Custom Cabinets in Fredericton (1122 words)
[SUCCESS] 5/6/2026, 2:53:59 PM - Custom Cabinets in Gatineau (1166 words)
[SUCCESS] 5/6/2026, 2:54:39 PM - Custom Cabinets in Glace Bay (1113 words)
[SUCCESS] 5/6/2026, 2:55:17 PM - Custom Cabinets in Grande Prairie (1275 words)
[SUCCESS] 5/6/2026, 2:56:10 PM - Custom Cabinets in Halifax (1444 words)
[SUCCESS] 5/6/2026, 2:56:40 PM - Custom Cabinets in Hamilton (1126 words)
[SUCCESS] 5/6/2026, 2:57:11 PM - Custom Cabinets in Iqaluit (1353 words)
[SUCCESS] 5/6/2026, 2:57:51 PM - Custom Cabinets in Kelowna (1226 words)
[SUCCESS] 5/6/2026, 2:58:21 PM - Custom Cabinets in Kitchener (1185 words)
[SUCCESS] 5/6/2026, 2:58:54 PM - Custom Cabinets in Laval (1195 words)
[SUCCESS] 5/6/2026, 2:59:42 PM - Custom Cabinets in Lethbridge (1107 words)
[SUCCESS] 5/6/2026, 3:00:12 PM - Custom Cabinets in Levis (1290 words)
[SUCCESS] 5/6/2026, 3:00:45 PM - Custom Cabinets in London (1278 words)
[SUCCESS] 5/6/2026, 3:01:28 PM - Custom Cabinets in Longueuil (1512 words)
[SUCCESS] 5/6/2026, 3:02:39 PM - Custom Cabinets in Markham (1166 words)
[SUCCESS] 5/6/2026, 3:03:16 PM - Custom Cabinets in Medicine Hat (1332 words)
[SUCCESS] 5/6/2026, 3:03:53 PM - Custom Cabinets in Mississauga (1078 words)
[SUCCESS] 5/6/2026, 3:04:42 PM - Custom Cabinets in Moncton (1150 words)
[SUCCESS] 5/6/2026, 3:05:17 PM - Custom Cabinets in Moose Jaw (1404 words)
[SUCCESS] 5/6/2026, 3:05:48 PM - Custom Cabinets in Mount Pearl (1151 words)
[SUCCESS] 5/6/2026, 3:06:51 PM - Custom Cabinets in New Glasgow (1129 words)
[SUCCESS] 5/6/2026, 3:07:47 PM - Custom Cabinets in Ottawa (1376 words)
[FAILED] 5/6/2026, 3:08:29 PM - Custom Cabinets in Paradise
[SUCCESS] 5/6/2026, 3:09:04 PM - Custom Cabinets in Portage la Prairie (1339 words)
[SUCCESS] 5/6/2026, 3:09:38 PM - Custom Cabinets in Prince Albert (1156 words)
[SUCCESS] 5/6/2026, 3:10:09 PM - Custom Cabinets in Quebec City (1342 words)
[SUCCESS] 5/6/2026, 3:10:40 PM - Custom Cabinets in Red Deer (1074 words)
[SUCCESS] 5/6/2026, 3:11:29 PM - Custom Cabinets in Regina (1388 words)
[SUCCESS] 5/6/2026, 3:12:10 PM - Custom Cabinets in Richmond (1053 words)
[SUCCESS] 5/6/2026, 3:12:40 PM - Custom Cabinets in Saguenay (1189 words)
[SUCCESS] 5/6/2026, 3:13:17 PM - Custom Cabinets in Saint John (1068 words)
[SUCCESS] 5/6/2026, 3:13:50 PM - Custom Cabinets in Saskatoon (1320 words)
[SUCCESS] 5/6/2026, 3:14:19 PM - Custom Cabinets in Sherbrooke (1200 words)
[SUCCESS] 5/6/2026, 3:14:56 PM - Custom Cabinets in St. John's (1278 words)
[SUCCESS] 5/6/2026, 3:15:34 PM - Custom Cabinets in Steinbach (1119 words)
[SUCCESS] 5/6/2026, 3:16:17 PM - Custom Cabinets in Stratford (1302 words)
[SUCCESS] 5/6/2026, 3:17:00 PM - Custom Cabinets in Summerside (1242 words)
[SUCCESS] 5/6/2026, 3:17:59 PM - Custom Cabinets in Surrey (1335 words)
[SUCCESS] 5/6/2026, 3:18:40 PM - Custom Cabinets in Swift Current (1022 words)
[SUCCESS] 5/6/2026, 3:19:22 PM - Custom Cabinets in Sydney (1178 words)
[SUCCESS] 5/6/2026, 3:19:57 PM - Custom Cabinets in Thompson (1060 words)
[SUCCESS] 5/6/2026, 3:20:38 PM - Custom Cabinets in Toronto (1266 words)
[SUCCESS] 5/6/2026, 3:21:14 PM - Custom Cabinets in Truro (1338 words)
[SUCCESS] 5/6/2026, 3:21:56 PM - Custom Cabinets in Vancouver (1167 words)
[SUCCESS] 5/6/2026, 3:22:46 PM - Custom Cabinets in Vaughan (1212 words)
[SUCCESS] 5/6/2026, 3:23:33 PM - Custom Cabinets in Victoria (1437 words)
[FAILED] 5/6/2026, 3:23:52 PM - Custom Cabinets in Whitehorse
[SUCCESS] 5/6/2026, 3:24:52 PM - Custom Cabinets in Windsor (1042 words)
[SUCCESS] 5/6/2026, 3:25:30 PM - Custom Cabinets in Winnipeg (1169 words)
[SUCCESS] 5/6/2026, 3:26:07 PM - Custom Cabinets in Yellowknife (1250 words)
[SUCCESS] 5/6/2026, 3:26:48 PM - Door Installation & Repair in Abbotsford (1318 words)
[SUCCESS] 5/6/2026, 3:27:23 PM - Door Installation & Repair in Airdrie (1266 words)
[SUCCESS] 5/6/2026, 3:28:00 PM - Door Installation & Repair in Brampton (1470 words)
[SUCCESS] 5/6/2026, 3:28:38 PM - Door Installation & Repair in Brandon (1539 words)
[SUCCESS] 5/6/2026, 3:29:16 PM - Door Installation & Repair in Burnaby (1048 words)
[SUCCESS] 5/6/2026, 3:30:06 PM - Door Installation & Repair in Calgary (1396 words)
[SUCCESS] 5/6/2026, 3:30:39 PM - Door Installation & Repair in Charlottetown (1518 words)
[SUCCESS] 5/6/2026, 3:31:08 PM - Door Installation & Repair in Conception Bay South (1300 words)
[SUCCESS] 5/6/2026, 3:31:44 PM - Door Installation & Repair in Coquitlam (1192 words)
[SUCCESS] 5/6/2026, 3:32:17 PM - Door Installation & Repair in Corner Brook (1197 words)
[SUCCESS] 5/6/2026, 3:32:54 PM - Door Installation & Repair in Cornwall (1364 words)
[SUCCESS] 5/6/2026, 3:33:27 PM - Door Installation & Repair in Dieppe (1383 words)
[SUCCESS] 5/6/2026, 3:33:57 PM - Door Installation & Repair in Edmonton (1165 words)
[SUCCESS] 5/6/2026, 3:34:48 PM - Door Installation & Repair in Fort McMurray (1534 words)
[SUCCESS] 5/6/2026, 3:35:31 PM - Door Installation & Repair in Fredericton (1213 words)
[SUCCESS] 5/6/2026, 3:36:12 PM - Door Installation & Repair in Gatineau (1308 words)
[SUCCESS] 5/6/2026, 3:36:45 PM - Door Installation & Repair in Glace Bay (1386 words)
[SUCCESS] 5/6/2026, 3:37:25 PM - Door Installation & Repair in Grande Prairie (1186 words)
[FAILED] 5/6/2026, 3:37:43 PM - Door Installation & Repair in Halifax
[SUCCESS] 5/6/2026, 3:38:36 PM - Door Installation & Repair in Hamilton (1359 words)
[SUCCESS] 5/6/2026, 3:39:07 PM - Door Installation & Repair in Iqaluit (1137 words)
[SUCCESS] 5/6/2026, 3:39:58 PM - Door Installation & Repair in Kelowna (1305 words)
[SUCCESS] 5/6/2026, 3:40:44 PM - Door Installation & Repair in Kitchener (1236 words)
[SUCCESS] 5/6/2026, 3:41:14 PM - Door Installation & Repair in Laval (1272 words)
[SUCCESS] 5/6/2026, 3:41:44 PM - Door Installation & Repair in Lethbridge (1369 words)
[SUCCESS] 5/6/2026, 3:42:32 PM - Door Installation & Repair in Levis (1274 words)
[SUCCESS] 5/6/2026, 3:43:02 PM - Door Installation & Repair in London (1016 words)
[SUCCESS] 5/6/2026, 3:43:33 PM - Door Installation & Repair in Longueuil (1338 words)
[SUCCESS] 5/6/2026, 3:44:18 PM - Door Installation & Repair in Markham (1109 words)
[SUCCESS] 5/6/2026, 3:44:46 PM - Door Installation & Repair in Medicine Hat (1023 words)
[SUCCESS] 5/6/2026, 3:45:17 PM - Door Installation & Repair in Mississauga (1393 words)
[SUCCESS] 5/6/2026, 3:46:06 PM - Door Installation & Repair in Moncton (1408 words)
[SUCCESS] 5/6/2026, 3:46:45 PM - Door Installation & Repair in Moose Jaw (1204 words)
[SUCCESS] 5/6/2026, 3:47:15 PM - Door Installation & Repair in Mount Pearl (1351 words)
[SUCCESS] 5/6/2026, 3:47:53 PM - Door Installation & Repair in New Glasgow (1047 words)
[SUCCESS] 5/6/2026, 3:48:26 PM - Door Installation & Repair in Ottawa (1381 words)
[SUCCESS] 5/6/2026, 3:49:08 PM - Door Installation & Repair in Paradise (1327 words)
[SUCCESS] 5/6/2026, 3:50:00 PM - Door Installation & Repair in Portage la Prairie (1211 words)
[SUCCESS] 5/6/2026, 3:50:32 PM - Door Installation & Repair in Prince Albert (1525 words)
[SUCCESS] 5/6/2026, 3:51:05 PM - Door Installation & Repair in Quebec City (1298 words)
[SUCCESS] 5/6/2026, 3:51:36 PM - Door Installation & Repair in Red Deer (1346 words)
[SUCCESS] 5/6/2026, 3:52:08 PM - Door Installation & Repair in Regina (1310 words)
[SUCCESS] 5/6/2026, 3:52:39 PM - Door Installation & Repair in Richmond (1335 words)
[SUCCESS] 5/6/2026, 3:53:22 PM - Door Installation & Repair in Saguenay (1079 words)
[SUCCESS] 5/6/2026, 3:53:55 PM - Door Installation & Repair in Saint John (1241 words)
[SUCCESS] 5/6/2026, 3:54:25 PM - Door Installation & Repair in Saskatoon (1261 words)
[SUCCESS] 5/6/2026, 3:55:07 PM - Door Installation & Repair in Sherbrooke (1159 words)
[SUCCESS] 5/6/2026, 3:55:39 PM - Door Installation & Repair in St. John's (1467 words)
[SUCCESS] 5/6/2026, 3:56:17 PM - Door Installation & Repair in Steinbach (1269 words)
[SUCCESS] 5/6/2026, 3:57:17 PM - Door Installation & Repair in Stratford (1339 words)
[SUCCESS] 5/6/2026, 3:58:06 PM - Door Installation & Repair in Summerside (1193 words)
[SUCCESS] 5/6/2026, 3:58:38 PM - Door Installation & Repair in Surrey (1409 words)
[SUCCESS] 5/6/2026, 3:59:06 PM - Door Installation & Repair in Swift Current (1099 words)
[SUCCESS] 5/6/2026, 3:59:38 PM - Door Installation & Repair in Sydney (1376 words)
[SUCCESS] 5/6/2026, 4:00:10 PM - Door Installation & Repair in Thompson (1231 words)
[SUCCESS] 5/6/2026, 4:00:56 PM - Door Installation & Repair in Toronto (1361 words)
[SUCCESS] 5/6/2026, 4:01:27 PM - Door Installation & Repair in Truro (1329 words)
[SUCCESS] 5/6/2026, 4:02:00 PM - Door Installation & Repair in Vancouver (1431 words)
[SUCCESS] 5/6/2026, 4:02:39 PM - Door Installation & Repair in Vaughan (1153 words)
[SUCCESS] 5/6/2026, 4:03:20 PM - Door Installation & Repair in Victoria (1347 words)
[SUCCESS] 5/6/2026, 4:03:52 PM - Door Installation & Repair in Whitehorse (1142 words)
[SUCCESS] 5/6/2026, 4:04:36 PM - Door Installation & Repair in Windsor (1253 words)
[SUCCESS] 5/6/2026, 4:05:23 PM - Door Installation & Repair in Winnipeg (1342 words)
[SUCCESS] 5/6/2026, 4:05:54 PM - Door Installation & Repair in Yellowknife (1493 words)
[SUCCESS] 5/6/2026, 4:06:47 PM - Drain Cleaning in Abbotsford (1117 words)
[SUCCESS] 5/6/2026, 4:07:46 PM - Drain Cleaning in Airdrie (1494 words)
[SUCCESS] 5/6/2026, 4:08:22 PM - Drain Cleaning in Brampton (1350 words)
[SUCCESS] 5/6/2026, 4:08:53 PM - Drain Cleaning in Brandon (1376 words)
[SUCCESS] 5/6/2026, 4:09:25 PM - Drain Cleaning in Burnaby (1272 words)
[SUCCESS] 5/6/2026, 4:10:16 PM - Drain Cleaning in Calgary (1433 words)
[SUCCESS] 5/6/2026, 4:10:55 PM - Drain Cleaning in Charlottetown (1137 words)
[SUCCESS] 5/6/2026, 4:11:33 PM - Drain Cleaning in Conception Bay South (1373 words)
[SUCCESS] 5/6/2026, 4:12:04 PM - Drain Cleaning in Coquitlam (1294 words)
[SUCCESS] 5/6/2026, 4:12:35 PM - Drain Cleaning in Corner Brook (1400 words)
[SUCCESS] 5/6/2026, 4:13:08 PM - Drain Cleaning in Cornwall (1472 words)
[SUCCESS] 5/6/2026, 4:13:44 PM - Drain Cleaning in Dieppe (1227 words)
[SUCCESS] 5/6/2026, 4:14:32 PM - Drain Cleaning in Edmonton (1431 words)
[SUCCESS] 5/6/2026, 4:15:11 PM - Drain Cleaning in Fort McMurray (1277 words)
[SUCCESS] 5/6/2026, 4:15:50 PM - Drain Cleaning in Fredericton (1204 words)
[SUCCESS] 5/6/2026, 4:16:21 PM - Drain Cleaning in Gatineau (1402 words)
[SUCCESS] 5/6/2026, 4:16:52 PM - Drain Cleaning in Glace Bay (1243 words)
[SUCCESS] 5/6/2026, 4:17:35 PM - Drain Cleaning in Grande Prairie (1400 words)
[SUCCESS] 5/6/2026, 4:18:08 PM - Drain Cleaning in Halifax (1260 words)
[SUCCESS] 5/6/2026, 4:18:52 PM - Drain Cleaning in Hamilton (1509 words)
[SUCCESS] 5/6/2026, 4:19:38 PM - Drain Cleaning in Iqaluit (1267 words)
[SUCCESS] 5/6/2026, 4:20:20 PM - Drain Cleaning in Kelowna (1259 words)
[SUCCESS] 5/6/2026, 4:21:44 PM - Drain Cleaning in Kitchener (1197 words)
[SUCCESS] 5/6/2026, 4:22:14 PM - Drain Cleaning in Laval (1178 words)
[SUCCESS] 5/6/2026, 4:22:59 PM - Drain Cleaning in Lethbridge (1513 words)
[SUCCESS] 5/6/2026, 4:23:33 PM - Drain Cleaning in Levis (1430 words)
[SUCCESS] 5/6/2026, 4:24:04 PM - Drain Cleaning in London (1272 words)
[SUCCESS] 5/6/2026, 4:24:53 PM - Drain Cleaning in Longueuil (1248 words)
[SUCCESS] 5/6/2026, 4:25:38 PM - Drain Cleaning in Markham (1265 words)
[SUCCESS] 5/6/2026, 4:26:08 PM - Drain Cleaning in Medicine Hat (1192 words)
[SUCCESS] 5/6/2026, 4:38:03 PM - Drain Cleaning in Saint John (1182 words)
[SUCCESS] 5/6/2026, 4:38:34 PM - Drain Cleaning in Saskatoon (1241 words)
[SUCCESS] 5/6/2026, 4:39:09 PM - Drain Cleaning in Sherbrooke (1385 words)
[SUCCESS] 5/6/2026, 4:40:11 PM - Drain Cleaning in St. John's (1261 words)
[FAILED] 5/6/2026, 4:40:36 PM - Drain Cleaning in Steinbach
[SUCCESS] 5/6/2026, 4:41:19 PM - Drain Cleaning in Stratford (1149 words)
[FAILED] 5/6/2026, 4:41:42 PM - Drain Cleaning in Summerside
[SUCCESS] 5/6/2026, 4:42:31 PM - Drain Cleaning in Surrey (1139 words)
[SUCCESS] 5/6/2026, 4:43:15 PM - Drain Cleaning in Swift Current (1329 words)
[SUCCESS] 5/6/2026, 4:43:57 PM - Drain Cleaning in Sydney (1349 words)
[SUCCESS] 5/6/2026, 4:44:37 PM - Drain Cleaning in Thompson (1091 words)
[SUCCESS] 5/6/2026, 4:45:39 PM - Drain Cleaning in Toronto (1270 words)
[SUCCESS] 5/6/2026, 4:46:28 PM - Drain Cleaning in Truro (1513 words)
[SUCCESS] 5/6/2026, 4:47:01 PM - Drain Cleaning in Vancouver (1207 words)
[SUCCESS] 5/6/2026, 4:48:07 PM - Drain Cleaning in Vaughan (1304 words)
[SUCCESS] 5/6/2026, 4:49:45 PM - Drain Cleaning in Victoria (1248 words)
[FAILED] 5/6/2026, 4:50:09 PM - Drain Cleaning in Whitehorse
[SUCCESS] 5/6/2026, 4:51:08 PM - Drain Cleaning in Windsor (1446 words)
[SUCCESS] 5/6/2026, 4:51:39 PM - Drain Cleaning in Winnipeg (1308 words)
[SUCCESS] 5/6/2026, 4:52:29 PM - Drain Cleaning in Yellowknife (1162 words)
[FAILED] 5/6/2026, 4:53:02 PM - Duct Installation in Abbotsford
[SUCCESS] 5/6/2026, 4:53:45 PM - Duct Installation in Airdrie (1072 words)
[SUCCESS] 5/6/2026, 4:54:34 PM - Duct Installation in Brampton (1341 words)
[SUCCESS] 5/6/2026, 4:55:05 PM - Duct Installation in Brandon (1180 words)
[SUCCESS] 5/6/2026, 4:55:52 PM - Duct Installation in Burnaby (1177 words)
[SUCCESS] 5/6/2026, 4:56:41 PM - Duct Installation in Calgary (1187 words)
[SUCCESS] 5/6/2026, 4:57:47 PM - Duct Installation in Charlottetown (1296 words)
[SUCCESS] 5/6/2026, 4:58:35 PM - Duct Installation in Conception Bay South (1396 words)
[SUCCESS] 5/6/2026, 4:59:07 PM - Duct Installation in Coquitlam (1198 words)
[SUCCESS] 5/6/2026, 4:59:56 PM - Duct Installation in Corner Brook (1544 words)
[FAILED] 5/6/2026, 5:00:11 PM - Duct Installation in Cornwall
[SUCCESS] 5/6/2026, 5:00:43 PM - Duct Installation in Dieppe (1111 words)
[SUCCESS] 5/6/2026, 5:01:36 PM - Duct Installation in Edmonton (1380 words)
[SUCCESS] 5/6/2026, 5:02:23 PM - Duct Installation in Fort McMurray (1520 words)
[FAILED] 5/6/2026, 5:03:22 PM - Duct Installation in Fredericton
[FAILED] 5/6/2026, 5:03:38 PM - Duct Installation in Gatineau
[FAILED] 5/6/2026, 5:03:54 PM - Duct Installation in Glace Bay
[SUCCESS] 5/6/2026, 5:04:44 PM - Duct Installation in Grande Prairie (1133 words)
[SUCCESS] 5/6/2026, 5:05:25 PM - Duct Installation in Halifax (1270 words)
[FAILED] 5/6/2026, 5:05:41 PM - Duct Installation in Hamilton
[FAILED] 5/6/2026, 5:05:58 PM - Duct Installation in Iqaluit
[FAILED] 5/6/2026, 5:06:14 PM - Duct Installation in Kelowna
[FAILED] 5/6/2026, 5:06:32 PM - Duct Installation in Kitchener
[FAILED] 5/6/2026, 5:06:47 PM - Duct Installation in Laval
[SUCCESS] 5/6/2026, 5:07:35 PM - Duct Installation in Lethbridge (1163 words)
[FAILED] 5/6/2026, 5:07:51 PM - Duct Installation in Levis
[FAILED] 5/6/2026, 5:08:07 PM - Duct Installation in London
[SUCCESS] 5/6/2026, 5:09:08 PM - Duct Installation in Longueuil (1020 words)
[FAILED] 5/6/2026, 5:09:24 PM - Duct Installation in Markham
[FAILED] 5/6/2026, 5:09:40 PM - Duct Installation in Medicine Hat
[FAILED] 5/6/2026, 5:09:56 PM - Duct Installation in Mississauga
[FAILED] 5/6/2026, 5:10:12 PM - Duct Installation in Moncton
[FAILED] 5/6/2026, 5:10:28 PM - Duct Installation in Moose Jaw
[FAILED] 5/6/2026, 5:10:44 PM - Duct Installation in Mount Pearl
[FAILED] 5/6/2026, 5:10:59 PM - Duct Installation in New Glasgow
[SUCCESS] 5/6/2026, 5:11:48 PM - Duct Installation in Ottawa (1120 words)
[FAILED] 5/6/2026, 5:12:04 PM - Duct Installation in Paradise
[FAILED] 5/6/2026, 5:12:20 PM - Duct Installation in Portage la Prairie
[SUCCESS] 5/6/2026, 5:13:12 PM - Duct Installation in Prince Albert (1422 words)
[FAILED] 5/6/2026, 5:13:28 PM - Duct Installation in Quebec City
[FAILED] 5/6/2026, 5:13:43 PM - Duct Installation in Red Deer
[FAILED] 5/6/2026, 5:13:59 PM - Duct Installation in Regina
[SUCCESS] 5/6/2026, 5:14:28 PM - Duct Installation in Richmond (1178 words)
[FAILED] 5/6/2026, 5:14:57 PM - Duct Installation in Saguenay
[FAILED] 5/6/2026, 5:15:13 PM - Duct Installation in Saint John
[FAILED] 5/6/2026, 5:15:28 PM - Duct Installation in Saskatoon
[FAILED] 5/6/2026, 5:15:44 PM - Duct Installation in Sherbrooke
[SUCCESS] 5/6/2026, 5:16:46 PM - Duct Installation in St. John's (1317 words)
[FAILED] 5/6/2026, 5:17:01 PM - Duct Installation in Steinbach
[FAILED] 5/6/2026, 5:17:17 PM - Duct Installation in Stratford
[FAILED] 5/6/2026, 5:17:33 PM - Duct Installation in Summerside
[FAILED] 5/6/2026, 5:17:49 PM - Duct Installation in Surrey
[SUCCESS] 5/6/2026, 5:18:41 PM - Duct Installation in Swift Current (1576 words)
[FAILED] 5/6/2026, 5:18:57 PM - Duct Installation in Sydney
[FAILED] 5/6/2026, 5:19:13 PM - Duct Installation in Thompson
[FAILED] 5/6/2026, 5:19:28 PM - Duct Installation in Toronto
[FAILED] 5/6/2026, 5:19:44 PM - Duct Installation in Truro
[FAILED] 5/6/2026, 5:20:00 PM - Duct Installation in Vancouver
[FAILED] 5/6/2026, 5:20:15 PM - Duct Installation in Vaughan
[FAILED] 5/6/2026, 5:20:31 PM - Duct Installation in Victoria
[FAILED] 5/6/2026, 5:20:47 PM - Duct Installation in Whitehorse
[FAILED] 5/6/2026, 5:21:03 PM - Duct Installation in Windsor
[FAILED] 5/6/2026, 5:21:18 PM - Duct Installation in Winnipeg
[FAILED] 5/6/2026, 5:21:34 PM - Duct Installation in Yellowknife
[FAILED] 5/6/2026, 5:21:50 PM - Electrical Panel Upgrade in Abbotsford
[FAILED] 5/6/2026, 5:22:06 PM - Electrical Panel Upgrade in Airdrie
[FAILED] 5/6/2026, 5:22:21 PM - Electrical Panel Upgrade in Brampton
[FAILED] 5/6/2026, 5:22:37 PM - Electrical Panel Upgrade in Brandon
[FAILED] 5/6/2026, 5:22:53 PM - Electrical Panel Upgrade in Burnaby
[FAILED] 5/6/2026, 5:23:08 PM - Electrical Panel Upgrade in Calgary
[FAILED] 5/6/2026, 5:23:24 PM - Electrical Panel Upgrade in Charlottetown
[FAILED] 5/6/2026, 5:23:40 PM - Electrical Panel Upgrade in Conception Bay South
[FAILED] 5/6/2026, 5:23:55 PM - Electrical Panel Upgrade in Coquitlam
[FAILED] 5/6/2026, 5:24:11 PM - Electrical Panel Upgrade in Corner Brook
[FAILED] 5/6/2026, 5:24:27 PM - Electrical Panel Upgrade in Cornwall
[FAILED] 5/6/2026, 5:24:42 PM - Electrical Panel Upgrade in Dieppe
[FAILED] 5/6/2026, 5:24:58 PM - Electrical Panel Upgrade in Edmonton
[FAILED] 5/6/2026, 5:25:14 PM - Electrical Panel Upgrade in Fort McMurray
[FAILED] 5/6/2026, 5:25:29 PM - Electrical Panel Upgrade in Fredericton
[FAILED] 5/6/2026, 5:25:45 PM - Electrical Panel Upgrade in Gatineau
[FAILED] 5/6/2026, 5:26:01 PM - Electrical Panel Upgrade in Glace Bay
[FAILED] 5/6/2026, 5:26:16 PM - Electrical Panel Upgrade in Grande Prairie
[FAILED] 5/6/2026, 5:26:32 PM - Electrical Panel Upgrade in Halifax
[FAILED] 5/6/2026, 5:26:48 PM - Electrical Panel Upgrade in Hamilton
[FAILED] 5/6/2026, 5:27:03 PM - Electrical Panel Upgrade in Iqaluit
[FAILED] 5/6/2026, 5:27:19 PM - Electrical Panel Upgrade in Kelowna
[FAILED] 5/6/2026, 5:27:35 PM - Electrical Panel Upgrade in Kitchener
[FAILED] 5/6/2026, 5:27:50 PM - Electrical Panel Upgrade in Laval
[FAILED] 5/6/2026, 5:28:07 PM - Electrical Panel Upgrade in Lethbridge
[FAILED] 5/6/2026, 5:28:24 PM - Electrical Panel Upgrade in Levis
[FAILED] 5/6/2026, 5:28:40 PM - Electrical Panel Upgrade in London
[FAILED] 5/6/2026, 5:28:56 PM - Electrical Panel Upgrade in Longueuil
[FAILED] 5/6/2026, 5:29:12 PM - Electrical Panel Upgrade in Markham
[FAILED] 5/6/2026, 5:29:28 PM - Electrical Panel Upgrade in Medicine Hat
[FAILED] 5/6/2026, 5:29:44 PM - Electrical Panel Upgrade in Mississauga
[FAILED] 5/6/2026, 5:30:00 PM - Electrical Panel Upgrade in Moncton
[FAILED] 5/6/2026, 5:30:16 PM - Electrical Panel Upgrade in Moose Jaw
[FAILED] 5/6/2026, 5:30:32 PM - Electrical Panel Upgrade in Mount Pearl
[FAILED] 5/6/2026, 5:30:48 PM - Electrical Panel Upgrade in New Glasgow
[FAILED] 5/6/2026, 5:31:04 PM - Electrical Panel Upgrade in Ottawa
[FAILED] 5/6/2026, 5:31:19 PM - Electrical Panel Upgrade in Paradise
[FAILED] 5/6/2026, 5:31:35 PM - Electrical Panel Upgrade in Portage la Prairie
[FAILED] 5/6/2026, 5:31:51 PM - Electrical Panel Upgrade in Prince Albert
[FAILED] 5/6/2026, 5:32:07 PM - Electrical Panel Upgrade in Quebec City
[FAILED] 5/6/2026, 5:32:23 PM - Electrical Panel Upgrade in Red Deer
[FAILED] 5/6/2026, 5:32:38 PM - Electrical Panel Upgrade in Regina
[FAILED] 5/6/2026, 5:32:55 PM - Electrical Panel Upgrade in Richmond
[FAILED] 5/6/2026, 5:33:11 PM - Electrical Panel Upgrade in Saguenay
[FAILED] 5/6/2026, 5:33:27 PM - Electrical Panel Upgrade in Saint John
[FAILED] 5/6/2026, 5:33:43 PM - Electrical Panel Upgrade in Saskatoon
[FAILED] 5/6/2026, 5:33:59 PM - Electrical Panel Upgrade in Sherbrooke
[FAILED] 5/6/2026, 5:34:15 PM - Electrical Panel Upgrade in St. John's
[FAILED] 5/6/2026, 5:34:31 PM - Electrical Panel Upgrade in Steinbach
[FAILED] 5/6/2026, 5:34:47 PM - Electrical Panel Upgrade in Stratford
[FAILED] 5/6/2026, 5:35:04 PM - Electrical Panel Upgrade in Summerside
[FAILED] 5/6/2026, 5:35:19 PM - Electrical Panel Upgrade in Surrey
[FAILED] 5/6/2026, 5:35:35 PM - Electrical Panel Upgrade in Swift Current
[FAILED] 5/6/2026, 5:35:51 PM - Electrical Panel Upgrade in Sydney
[FAILED] 5/6/2026, 5:36:07 PM - Electrical Panel Upgrade in Thompson
[FAILED] 5/6/2026, 5:36:23 PM - Electrical Panel Upgrade in Toronto
[FAILED] 5/6/2026, 5:36:39 PM - Electrical Panel Upgrade in Truro
[FAILED] 5/6/2026, 5:36:54 PM - Electrical Panel Upgrade in Vancouver
[FAILED] 5/6/2026, 5:37:11 PM - Electrical Panel Upgrade in Vaughan
[FAILED] 5/6/2026, 5:37:27 PM - Electrical Panel Upgrade in Victoria
[FAILED] 5/6/2026, 5:37:43 PM - Electrical Panel Upgrade in Whitehorse
[FAILED] 5/6/2026, 5:37:59 PM - Electrical Panel Upgrade in Windsor
[FAILED] 5/6/2026, 5:38:15 PM - Electrical Panel Upgrade in Winnipeg
[FAILED] 5/6/2026, 5:38:31 PM - Electrical Panel Upgrade in Yellowknife
[FAILED] 5/6/2026, 5:38:47 PM - Extensions in Abbotsford
[FAILED] 5/6/2026, 5:39:02 PM - Extensions in Airdrie
[FAILED] 5/6/2026, 5:39:19 PM - Extensions in Brampton
[FAILED] 5/6/2026, 5:39:34 PM - Extensions in Brandon
[FAILED] 5/6/2026, 5:39:50 PM - Extensions in Burnaby
[FAILED] 5/6/2026, 5:40:06 PM - Extensions in Calgary
[FAILED] 5/6/2026, 5:40:22 PM - Extensions in Charlottetown
[FAILED] 5/6/2026, 5:40:38 PM - Extensions in Conception Bay South
[FAILED] 5/6/2026, 5:40:54 PM - Extensions in Coquitlam
[FAILED] 5/6/2026, 5:41:10 PM - Extensions in Corner Brook
[FAILED] 5/6/2026, 5:41:25 PM - Extensions in Cornwall
[FAILED] 5/6/2026, 5:41:41 PM - Extensions in Dieppe
[FAILED] 5/6/2026, 5:41:57 PM - Extensions in Edmonton
[FAILED] 5/6/2026, 5:42:12 PM - Extensions in Fort McMurray
[FAILED] 5/6/2026, 5:42:28 PM - Extensions in Fredericton
[FAILED] 5/6/2026, 5:42:45 PM - Extensions in Gatineau
[FAILED] 5/6/2026, 5:43:01 PM - Extensions in Glace Bay
[FAILED] 5/6/2026, 5:43:16 PM - Extensions in Grande Prairie
[FAILED] 5/6/2026, 5:43:32 PM - Extensions in Halifax
[FAILED] 5/6/2026, 5:43:48 PM - Extensions in Hamilton
[FAILED] 5/6/2026, 5:44:03 PM - Extensions in Iqaluit
[FAILED] 5/6/2026, 5:44:19 PM - Extensions in Kelowna
[FAILED] 5/6/2026, 5:44:35 PM - Extensions in Kitchener
[FAILED] 5/6/2026, 5:44:50 PM - Extensions in Laval
[FAILED] 5/6/2026, 5:45:06 PM - Extensions in Lethbridge
[FAILED] 5/6/2026, 5:45:22 PM - Extensions in Levis
[FAILED] 5/6/2026, 5:45:37 PM - Extensions in London
[FAILED] 5/6/2026, 5:45:53 PM - Extensions in Longueuil
[FAILED] 5/6/2026, 5:46:09 PM - Extensions in Markham
[FAILED] 5/6/2026, 5:46:24 PM - Extensions in Medicine Hat
[FAILED] 5/6/2026, 5:46:40 PM - Extensions in Mississauga
[FAILED] 5/6/2026, 5:46:56 PM - Extensions in Moncton
[FAILED] 5/6/2026, 5:47:11 PM - Extensions in Moose Jaw
[FAILED] 5/6/2026, 5:47:27 PM - Extensions in Mount Pearl
[FAILED] 5/6/2026, 5:47:42 PM - Extensions in New Glasgow
[FAILED] 5/6/2026, 5:47:58 PM - Extensions in Ottawa
[FAILED] 5/6/2026, 5:48:14 PM - Extensions in Paradise
[FAILED] 5/6/2026, 5:48:30 PM - Extensions in Portage la Prairie
[FAILED] 5/6/2026, 5:48:45 PM - Extensions in Prince Albert
[FAILED] 5/6/2026, 5:49:01 PM - Extensions in Quebec City
[FAILED] 5/6/2026, 5:49:17 PM - Extensions in Red Deer
[FAILED] 5/6/2026, 5:49:33 PM - Extensions in Regina
[FAILED] 5/6/2026, 5:49:48 PM - Extensions in Richmond
[FAILED] 5/6/2026, 5:50:04 PM - Extensions in Saguenay
[FAILED] 5/6/2026, 5:50:20 PM - Extensions in Saint John
[FAILED] 5/6/2026, 5:50:35 PM - Extensions in Saskatoon
[FAILED] 5/6/2026, 5:50:51 PM - Extensions in Sherbrooke
[FAILED] 5/6/2026, 5:51:06 PM - Extensions in St. John's
[FAILED] 5/6/2026, 5:51:22 PM - Extensions in Steinbach
[FAILED] 5/6/2026, 5:51:38 PM - Extensions in Stratford
[FAILED] 5/6/2026, 5:51:53 PM - Extensions in Summerside
[FAILED] 5/6/2026, 5:52:09 PM - Extensions in Surrey
[FAILED] 5/6/2026, 5:52:24 PM - Extensions in Swift Current
[FAILED] 5/6/2026, 5:52:40 PM - Extensions in Sydney
[FAILED] 5/6/2026, 5:52:56 PM - Extensions in Thompson
[FAILED] 5/6/2026, 5:53:11 PM - Extensions in Toronto
[FAILED] 5/6/2026, 5:53:27 PM - Extensions in Truro
[FAILED] 5/6/2026, 5:53:43 PM - Extensions in Vancouver
[FAILED] 5/6/2026, 5:53:58 PM - Extensions in Vaughan
[FAILED] 5/6/2026, 5:54:14 PM - Extensions in Victoria
[FAILED] 5/6/2026, 5:54:30 PM - Extensions in Whitehorse
[FAILED] 5/6/2026, 5:54:45 PM - Extensions in Windsor
[SUCCESS] 5/6/2026, 5:55:27 PM - Extensions in Winnipeg (1176 words)
[FAILED] 5/6/2026, 5:55:42 PM - Extensions in Yellowknife
[FAILED] 5/6/2026, 5:55:59 PM - Exterior Painting in Abbotsford
[FAILED] 5/6/2026, 5:56:15 PM - Exterior Painting in Airdrie
[FAILED] 5/6/2026, 5:56:31 PM - Exterior Painting in Brampton
[FAILED] 5/6/2026, 5:56:47 PM - Exterior Painting in Brandon
[FAILED] 5/6/2026, 5:57:04 PM - Exterior Painting in Burnaby
[FAILED] 5/6/2026, 5:57:20 PM - Exterior Painting in Calgary
[FAILED] 5/6/2026, 5:57:36 PM - Exterior Painting in Charlottetown
[FAILED] 5/6/2026, 5:57:51 PM - Exterior Painting in Conception Bay South
[FAILED] 5/6/2026, 5:58:07 PM - Exterior Painting in Coquitlam
[FAILED] 5/6/2026, 5:58:23 PM - Exterior Painting in Corner Brook
[FAILED] 5/6/2026, 5:58:39 PM - Exterior Painting in Cornwall
[FAILED] 5/6/2026, 5:58:55 PM - Exterior Painting in Dieppe
[FAILED] 5/6/2026, 5:59:11 PM - Exterior Painting in Edmonton
[FAILED] 5/6/2026, 5:59:27 PM - Exterior Painting in Fort McMurray
[FAILED] 5/6/2026, 5:59:43 PM - Exterior Painting in Fredericton
[FAILED] 5/6/2026, 5:59:59 PM - Exterior Painting in Gatineau
[FAILED] 5/6/2026, 6:00:15 PM - Exterior Painting in Glace Bay
[FAILED] 5/6/2026, 6:00:31 PM - Exterior Painting in Grande Prairie
[FAILED] 5/6/2026, 6:00:47 PM - Exterior Painting in Halifax
[FAILED] 5/6/2026, 6:01:03 PM - Exterior Painting in Hamilton
[FAILED] 5/6/2026, 6:01:19 PM - Exterior Painting in Iqaluit
[FAILED] 5/6/2026, 6:01:35 PM - Exterior Painting in Kelowna
[FAILED] 5/6/2026, 6:01:51 PM - Exterior Painting in Kitchener
[FAILED] 5/6/2026, 6:02:08 PM - Exterior Painting in Laval
[FAILED] 5/6/2026, 6:02:23 PM - Exterior Painting in Lethbridge
[FAILED] 5/6/2026, 6:02:39 PM - Exterior Painting in Levis
[FAILED] 5/6/2026, 6:02:55 PM - Exterior Painting in London
[FAILED] 5/6/2026, 6:03:11 PM - Exterior Painting in Longueuil
[FAILED] 5/6/2026, 6:03:26 PM - Exterior Painting in Markham
[FAILED] 5/6/2026, 6:03:42 PM - Exterior Painting in Medicine Hat
[FAILED] 5/6/2026, 6:03:57 PM - Exterior Painting in Mississauga
[FAILED] 5/6/2026, 6:04:13 PM - Exterior Painting in Moncton
[FAILED] 5/6/2026, 6:04:28 PM - Exterior Painting in Moose Jaw
[FAILED] 5/6/2026, 6:04:44 PM - Exterior Painting in Mount Pearl
[FAILED] 5/6/2026, 6:05:00 PM - Exterior Painting in New Glasgow
[FAILED] 5/6/2026, 6:05:16 PM - Exterior Painting in Ottawa
[FAILED] 5/6/2026, 6:05:31 PM - Exterior Painting in Paradise
[FAILED] 5/6/2026, 6:05:47 PM - Exterior Painting in Portage la Prairie
[FAILED] 5/6/2026, 6:06:03 PM - Exterior Painting in Prince Albert
[FAILED] 5/6/2026, 6:06:19 PM - Exterior Painting in Quebec City
[FAILED] 5/6/2026, 6:06:35 PM - Exterior Painting in Red Deer
[FAILED] 5/6/2026, 6:06:52 PM - Exterior Painting in Regina
[FAILED] 5/6/2026, 6:07:08 PM - Exterior Painting in Richmond
[FAILED] 5/6/2026, 6:07:25 PM - Exterior Painting in Saguenay
[FAILED] 5/6/2026, 6:07:40 PM - Exterior Painting in Saint John
[FAILED] 5/6/2026, 6:07:56 PM - Exterior Painting in Saskatoon
[FAILED] 5/6/2026, 6:08:12 PM - Exterior Painting in Sherbrooke
[FAILED] 5/6/2026, 6:08:27 PM - Exterior Painting in St. John's
[FAILED] 5/6/2026, 6:08:43 PM - Exterior Painting in Steinbach
[FAILED] 5/6/2026, 6:08:59 PM - Exterior Painting in Stratford
[FAILED] 5/6/2026, 6:09:15 PM - Exterior Painting in Summerside
[FAILED] 5/6/2026, 6:09:30 PM - Exterior Painting in Surrey
[FAILED] 5/6/2026, 6:09:46 PM - Exterior Painting in Swift Current
[FAILED] 5/6/2026, 6:10:02 PM - Exterior Painting in Sydney
[FAILED] 5/6/2026, 6:10:17 PM - Exterior Painting in Thompson
[FAILED] 5/6/2026, 6:10:33 PM - Exterior Painting in Toronto
[FAILED] 5/6/2026, 6:10:48 PM - Exterior Painting in Truro
[FAILED] 5/6/2026, 6:11:04 PM - Exterior Painting in Vancouver
[FAILED] 5/6/2026, 6:11:20 PM - Exterior Painting in Vaughan
[FAILED] 5/6/2026, 6:11:35 PM - Exterior Painting in Victoria
[FAILED] 5/6/2026, 6:11:51 PM - Exterior Painting in Whitehorse
[FAILED] 5/6/2026, 6:12:07 PM - Exterior Painting in Windsor
[FAILED] 5/6/2026, 6:12:22 PM - Exterior Painting in Winnipeg
[FAILED] 5/6/2026, 6:12:38 PM - Exterior Painting in Yellowknife
[FAILED] 5/6/2026, 6:12:54 PM - Fencing in Abbotsford
[FAILED] 5/6/2026, 6:13:09 PM - Fencing in Airdrie
[FAILED] 5/6/2026, 6:13:25 PM - Fencing in Brampton
[FAILED] 5/6/2026, 6:13:41 PM - Fencing in Brandon
[FAILED] 5/6/2026, 6:13:56 PM - Fencing in Burnaby
[FAILED] 5/6/2026, 6:14:12 PM - Fencing in Calgary
[FAILED] 5/6/2026, 6:14:28 PM - Fencing in Charlottetown
[FAILED] 5/6/2026, 6:14:43 PM - Fencing in Conception Bay South
[FAILED] 5/6/2026, 6:14:59 PM - Fencing in Coquitlam
[FAILED] 5/6/2026, 6:15:15 PM - Fencing in Corner Brook
[FAILED] 5/6/2026, 6:15:30 PM - Fencing in Cornwall
[FAILED] 5/6/2026, 6:15:46 PM - Fencing in Dieppe
[FAILED] 5/6/2026, 6:16:02 PM - Fencing in Edmonton
[FAILED] 5/6/2026, 6:16:17 PM - Fencing in Fort McMurray
[FAILED] 5/6/2026, 6:16:33 PM - Fencing in Fredericton
[FAILED] 5/6/2026, 6:16:49 PM - Fencing in Gatineau
[FAILED] 5/6/2026, 6:17:04 PM - Fencing in Glace Bay
[FAILED] 5/6/2026, 6:17:20 PM - Fencing in Grande Prairie
[FAILED] 5/6/2026, 6:17:35 PM - Fencing in Halifax
[FAILED] 5/6/2026, 6:17:51 PM - Fencing in Hamilton
[FAILED] 5/6/2026, 6:18:06 PM - Fencing in Iqaluit
[FAILED] 5/6/2026, 6:18:22 PM - Fencing in Kelowna
[FAILED] 5/6/2026, 6:18:38 PM - Fencing in Kitchener
[FAILED] 5/6/2026, 6:18:53 PM - Fencing in Laval
[FAILED] 5/6/2026, 6:19:09 PM - Fencing in Lethbridge
[FAILED] 5/6/2026, 6:19:24 PM - Fencing in Levis
[FAILED] 5/6/2026, 6:19:40 PM - Fencing in London
[FAILED] 5/6/2026, 6:19:56 PM - Fencing in Longueuil
[FAILED] 5/6/2026, 6:20:11 PM - Fencing in Markham
[FAILED] 5/6/2026, 6:20:27 PM - Fencing in Medicine Hat
[FAILED] 5/6/2026, 6:20:43 PM - Fencing in Mississauga
[FAILED] 5/6/2026, 6:20:58 PM - Fencing in Moncton
[FAILED] 5/6/2026, 6:21:14 PM - Fencing in Moose Jaw
[FAILED] 5/6/2026, 6:21:30 PM - Fencing in Mount Pearl
[FAILED] 5/6/2026, 6:21:45 PM - Fencing in New Glasgow
[FAILED] 5/6/2026, 6:22:01 PM - Fencing in Ottawa
