Update Started at 5/1/2026, 6:06:37 PM

[SUCCESS] 6:10:26 PM - Roof Leak Repair in Halifax in Halifax (Word count: 1434)
[SUCCESS] 6:11:47 PM - Roof Repair in Halifax in Halifax (Word count: 1339)
[SUCCESS] 6:12:41 PM - Tile Roofing in Halifax in Halifax (Word count: 1485)
[SUCCESS] 6:13:25 PM - Gutter Installation in Hamilton in Hamilton (Word count: 1520)
[SUCCESS] 6:14:47 PM - Metal Roofing in Hamilton in Hamilton (Word count: 1345)
[SUCCESS] 6:15:39 PM - Roof Inspection in Hamilton in Hamilton (Word count: 1424)
[SUCCESS] 6:16:27 PM - Roof Installation in Hamilton in Hamilton (Word count: 1429)
[SUCCESS] 6:17:14 PM - Roof Leak Repair in Hamilton in Hamilton (Word count: 1400)
[SUCCESS] 6:17:55 PM - Roof Repair in Hamilton in Hamilton (Word count: 1466)
[SUCCESS] 6:18:31 PM - Tile Roofing in Hamilton in Hamilton (Word count: 1515)
[SUCCESS] 6:19:22 PM - Gutter Installation in Iqaluit in Iqaluit (Word count: 1527)
[SUCCESS] 6:20:35 PM - Metal Roofing in Iqaluit in Iqaluit (Word count: 1592)
[SUCCESS] 6:21:25 PM - Roof Inspection in Iqaluit in Iqaluit (Word count: 1496)
[SUCCESS] 6:22:20 PM - Roof Installation in Iqaluit in Iqaluit (Word count: 1728)
[SUCCESS] 6:24:25 PM - Roof Leak Repair in Iqaluit in Iqaluit (Word count: 1477)
[SUCCESS] 6:25:08 PM - Roof Repair in Iqaluit in Iqaluit (Word count: 1425)
[SUCCESS] 6:26:23 PM - Tile Roofing in Iqaluit in Iqaluit (Word count: 1397)
[SUCCESS] 6:27:19 PM - Gutter Installation in Kelowna in Kelowna (Word count: 1413)
[SUCCESS] 6:28:25 PM - Metal Roofing in Kelowna in Kelowna (Word count: 1625)
[SUCCESS] 6:29:06 PM - Roof Inspection in Kelowna in Kelowna (Word count: 1409)
[SUCCESS] 6:29:56 PM - Roof Installation in Kelowna in Kelowna (Word count: 1458)
[SUCCESS] 6:30:37 PM - Roof Leak Repair in Kelowna in Kelowna (Word count: 1650)
[SUCCESS] 6:31:22 PM - Roof Repair in Kelowna in Kelowna (Word count: 1544)
[SUCCESS] 6:32:26 PM - Tile Roofing in Kelowna in Kelowna (Word count: 1442)
[SUCCESS] 6:33:36 PM - Gutter Installation in Kitchener in Kitchener (Word count: 1291)
[SUCCESS] 6:34:33 PM - Metal Roofing in Kitchener in Kitchener (Word count: 1454)
[SUCCESS] 6:35:12 PM - Roof Inspection in Kitchener in Kitchener (Word count: 1499)
[SUCCESS] 6:36:13 PM - Roof Installation in Kitchener in Kitchener (Word count: 1577)
[SUCCESS] 6:37:47 PM - Roof Leak Repair in Kitchener in Kitchener (Word count: 1438)
[SUCCESS] 6:38:24 PM - Roof Repair in Kitchener in Kitchener (Word count: 1445)
[SUCCESS] 6:39:43 PM - Tile Roofing in Kitchener in Kitchener (Word count: 1324)
[SUCCESS] 6:40:32 PM - Gutter Installation in Laval in Laval (Word count: 1416)
[SUCCESS] 6:41:25 PM - Metal Roofing in Laval in Laval (Word count: 1315)
[SUCCESS] 6:42:37 PM - Roof Inspection in Laval in Laval (Word count: 1477)
[SUCCESS] 6:43:14 PM - Roof Installation in Laval in Laval (Word count: 1390)
[SUCCESS] 6:43:56 PM - Roof Leak Repair in Laval in Laval (Word count: 1536)
[SUCCESS] 6:44:46 PM - Roof Repair in Laval in Laval (Word count: 1656)
[SUCCESS] 6:45:24 PM - Tile Roofing in Laval in Laval (Word count: 1401)
[SUCCESS] 6:46:06 PM - Metal Roofing in Lethbridge in Lethbridge (Word count: 1461)
[SUCCESS] 6:47:21 PM - Roof Repair in Lethbridge in Lethbridge (Word count: 1420)
[SUCCESS] 6:48:19 PM - Tile Roofing in Lethbridge in Lethbridge (Word count: 1397)
[SUCCESS] 6:51:33 PM - Metal Roofing in Levis in Levis (Word count: 1492)
[SUCCESS] 6:52:21 PM - Roof Inspection in Levis in Levis (Word count: 1373)
[SUCCESS] 6:53:14 PM - Roof Installation in Levis in Levis (Word count: 1391)
[SUCCESS] 6:53:59 PM - Roof Leak Repair in Levis in Levis (Word count: 1400)
[SUCCESS] 6:54:35 PM - Roof Repair in Levis in Levis (Word count: 1405)
[SUCCESS] 6:55:18 PM - Tile Roofing in Levis in Levis (Word count: 1522)
[SUCCESS] 6:56:08 PM - Gutter Installation in London in London (Word count: 1413)
[SUCCESS] 6:56:47 PM - Metal Roofing in London in London (Word count: 1569)
[SUCCESS] 6:57:21 PM - Roof Inspection in London in London (Word count: 1438)
[SUCCESS] 6:58:09 PM - Roof Installation in London in London (Word count: 1511)
[SUCCESS] 6:58:57 PM - Roof Leak Repair in London in London (Word count: 1515)
[SUCCESS] 6:59:38 PM - Roof Repair in London in London (Word count: 1487)
[SUCCESS] 7:00:17 PM - Tile Roofing in London in London (Word count: 1566)
[SUCCESS] 7:01:13 PM - Gutter Installation in Longueuil in Longueuil (Word count: 1467)
[SUCCESS] 7:02:47 PM - Metal Roofing in Longueuil in Longueuil (Word count: 1498)
[SUCCESS] 7:03:27 PM - Roof Inspection in Longueuil in Longueuil (Word count: 1329)
[SUCCESS] 7:04:21 PM - Roof Installation in Longueuil in Longueuil (Word count: 1523)
[SUCCESS] 7:05:44 PM - Roof Leak Repair in Longueuil in Longueuil (Word count: 1484)
[SUCCESS] 7:06:25 PM - Roof Repair in Longueuil in Longueuil (Word count: 1434)
[SUCCESS] 7:07:29 PM - Tile Roofing in Longueuil in Longueuil (Word count: 1489)
[SUCCESS] 7:08:47 PM - Gutter Installation in Markham in Markham (Word count: 1303)
[SUCCESS] 7:09:54 PM - Metal Roofing in Markham in Markham (Word count: 1505)
[SUCCESS] 7:10:41 PM - Roof Inspection in Markham in Markham (Word count: 1385)
[SUCCESS] 7:11:24 PM - Roof Installation in Markham in Markham (Word count: 1462)
[SUCCESS] 7:12:33 PM - Roof Leak Repair in Markham in Markham (Word count: 1586)
[SUCCESS] 7:13:10 PM - Roof Repair in Markham in Markham (Word count: 1495)
[SUCCESS] 7:13:44 PM - Tile Roofing in Markham in Markham (Word count: 1329)
[SUCCESS] 7:14:22 PM - Gutter Installation in Medicine Hat in Medicine Hat (Word count: 1456)
[SUCCESS] 7:15:43 PM - Metal Roofing in Medicine Hat in Medicine Hat (Word count: 1505)
[SUCCESS] 7:16:22 PM - Roof Inspection in Medicine Hat in Medicine Hat (Word count: 1458)
[SUCCESS] 7:17:12 PM - Roof Installation in Medicine Hat in Medicine Hat (Word count: 1519)
[SUCCESS] 7:18:05 PM - Roof Leak Repair in Medicine Hat in Medicine Hat (Word count: 1583)
[SUCCESS] 7:18:53 PM - Roof Repair in Medicine Hat in Medicine Hat (Word count: 1492)
[SUCCESS] 7:19:36 PM - Tile Roofing in Medicine Hat in Medicine Hat (Word count: 1380)
[SUCCESS] 7:20:19 PM - Gutter Installation in Mississauga in Mississauga (Word count: 1474)
[SUCCESS] 7:21:10 PM - Metal Roofing in Mississauga in Mississauga (Word count: 1256)
[SUCCESS] 7:22:04 PM - Roof Inspection in Mississauga in Mississauga (Word count: 1357)
[SUCCESS] 7:22:48 PM - Roof Installation in Mississauga in Mississauga (Word count: 1536)
[SUCCESS] 7:23:23 PM - Roof Leak Repair in Mississauga in Mississauga (Word count: 1504)
[SUCCESS] 7:24:08 PM - Roof Repair in Mississauga in Mississauga (Word count: 1484)

==============================
Update Resumed at 5/2/2026, 9:38:16 AM
==============================

[SUCCESS] 9:38:32 AM - Roof Installation in Halifax in Halifax (Word count: 1388)
[SUCCESS] 9:39:18 AM - Gutter Installation in Levis in Levis (Word count: 1490)
[SUCCESS] 9:40:39 AM - Tile Roofing in Mississauga in Mississauga (Word count: 1376)
[SUCCESS] 9:41:15 AM - Gutter Installation in Moncton in Moncton (Word count: 1489)
[SUCCESS] 9:42:08 AM - Metal Roofing in Moncton in Moncton (Word count: 1337)
[SUCCESS] 9:42:44 AM - Roof Inspection in Moncton in Moncton (Word count: 1305)
[SUCCESS] 9:43:22 AM - Roof Installation in Moncton in Moncton (Word count: 1424)
[SUCCESS] 9:44:00 AM - Roof Leak Repair in Moncton in Moncton (Word count: 1532)
[SUCCESS] 9:44:40 AM - Roof Repair in Moncton in Moncton (Word count: 1533)
[SUCCESS] 9:45:27 AM - Tile Roofing in Moncton in Moncton (Word count: 1442)
[SUCCESS] 9:46:22 AM - Gutter Installation in Moose Jaw in Moose Jaw (Word count: 1438)
[SUCCESS] 9:46:58 AM - Metal Roofing in Moose Jaw in Moose Jaw (Word count: 1484)
[SUCCESS] 9:47:35 AM - Roof Inspection in Moose Jaw in Moose Jaw (Word count: 1459)
[SUCCESS] 9:48:12 AM - Roof Installation in Moose Jaw in Moose Jaw (Word count: 1487)
[SUCCESS] 9:48:51 AM - Roof Leak Repair in Moose Jaw in Moose Jaw (Word count: 1490)
[SUCCESS] 9:49:29 AM - Roof Repair in Moose Jaw in Moose Jaw (Word count: 1554)
[SUCCESS] 9:50:18 AM - Tile Roofing in Moose Jaw in Moose Jaw (Word count: 1378)
[SUCCESS] 9:50:55 AM - Gutter Installation in Mount Pearl in Mount Pearl (Word count: 1368)
[SUCCESS] 9:51:32 AM - Metal Roofing in Mount Pearl in Mount Pearl (Word count: 1544)
[SUCCESS] 9:52:11 AM - Roof Inspection in Mount Pearl in Mount Pearl (Word count: 1469)
[SUCCESS] 9:52:49 AM - Roof Installation in Mount Pearl in Mount Pearl (Word count: 1447)
[SUCCESS] 9:53:52 AM - Roof Leak Repair in Mount Pearl in Mount Pearl (Word count: 1437)
[SUCCESS] 9:54:43 AM - Roof Repair in Mount Pearl in Mount Pearl (Word count: 1556)
[SUCCESS] 9:55:17 AM - Tile Roofing in Mount Pearl in Mount Pearl (Word count: 1495)
[SUCCESS] 9:55:53 AM - Gutter Installation in New Glasgow in New Glasgow (Word count: 1564)
[SUCCESS] 9:56:29 AM - Metal Roofing in New Glasgow in New Glasgow (Word count: 1501)
[SUCCESS] 9:57:23 AM - Roof Inspection in New Glasgow in New Glasgow (Word count: 1514)
[SUCCESS] 9:57:59 AM - Roof Installation in New Glasgow in New Glasgow (Word count: 1467)
[SUCCESS] 9:58:33 AM - Roof Leak Repair in New Glasgow in New Glasgow (Word count: 1602)
[SUCCESS] 9:59:08 AM - Roof Repair in New Glasgow in New Glasgow (Word count: 1405)
[SUCCESS] 9:59:40 AM - Tile Roofing in New Glasgow in New Glasgow (Word count: 1425)
[SUCCESS] 10:00:13 AM - Gutter Installation in Ottawa in Ottawa (Word count: 1482)
[SUCCESS] 10:00:46 AM - Metal Roofing in Ottawa in Ottawa (Word count: 1454)
[SUCCESS] 10:01:16 AM - Roof Inspection in Ottawa in Ottawa (Word count: 1367)
[SUCCESS] 10:01:50 AM - Roof Installation in Ottawa in Ottawa (Word count: 1410)
[SUCCESS] 10:02:26 AM - Roof Leak Repair in Ottawa in Ottawa (Word count: 1472)
[SUCCESS] 10:03:03 AM - Roof Repair in Ottawa in Ottawa (Word count: 1583)
[SUCCESS] 10:03:33 AM - Tile Roofing in Ottawa in Ottawa (Word count: 1278)
[SUCCESS] 10:04:10 AM - Gutter Installation in Paradise in Paradise (Word count: 1395)
[SUCCESS] 10:04:42 AM - Metal Roofing in Paradise in Paradise (Word count: 1484)
[SUCCESS] 10:05:15 AM - Roof Inspection in Paradise in Paradise (Word count: 1567)
[SUCCESS] 10:05:48 AM - Roof Installation in Paradise in Paradise (Word count: 1503)
[SUCCESS] 10:06:19 AM - Roof Leak Repair in Paradise in Paradise (Word count: 1425)
[SUCCESS] 10:06:50 AM - Roof Repair in Paradise in Paradise (Word count: 1413)
[SUCCESS] 10:07:21 AM - Tile Roofing in Paradise in Paradise (Word count: 1387)
[SUCCESS] 10:07:51 AM - Gutter Installation in Portage la Prairie in Portage la Prairie (Word count: 1492)
[SUCCESS] 10:08:20 AM - Metal Roofing in Portage la Prairie in Portage la Prairie (Word count: 1422)
[SUCCESS] 10:08:49 AM - Roof Inspection in Portage la Prairie in Portage la Prairie (Word count: 1539)
[SUCCESS] 10:09:19 AM - Roof Installation in Portage la Prairie in Portage la Prairie (Word count: 1680)
[SUCCESS] 10:09:49 AM - Roof Leak Repair in Portage la Prairie in Portage la Prairie (Word count: 1565)
[SUCCESS] 10:10:18 AM - Roof Repair in Portage la Prairie in Portage la Prairie (Word count: 1630)
[SUCCESS] 10:10:47 AM - Tile Roofing in Portage la Prairie in Portage la Prairie (Word count: 1419)
[SUCCESS] 10:11:16 AM - Gutter Installation in Prince Albert in Prince Albert (Word count: 1390)
[SUCCESS] 10:11:45 AM - Metal Roofing in Prince Albert in Prince Albert (Word count: 1481)
[SUCCESS] 10:12:16 AM - Roof Inspection in Prince Albert in Prince Albert (Word count: 1451)
[SUCCESS] 10:12:44 AM - Roof Installation in Prince Albert in Prince Albert (Word count: 1370)
[SUCCESS] 10:13:13 AM - Roof Leak Repair in Prince Albert in Prince Albert (Word count: 1555)
[SUCCESS] 10:13:43 AM - Roof Repair in Prince Albert in Prince Albert (Word count: 1523)
[SUCCESS] 10:14:13 AM - Tile Roofing in Prince Albert in Prince Albert (Word count: 1554)
[SUCCESS] 10:14:42 AM - Gutter Installation in Quebec City in Quebec City (Word count: 1387)
[SUCCESS] 10:15:11 AM - Metal Roofing in Quebec City in Quebec City (Word count: 1484)
[SUCCESS] 10:15:43 AM - Roof Inspection in Quebec City in Quebec City (Word count: 1426)
[SUCCESS] 10:16:13 AM - Roof Installation in Quebec City in Quebec City (Word count: 1512)
[SUCCESS] 10:16:41 AM - Roof Leak Repair in Quebec City in Quebec City (Word count: 1368)
[SUCCESS] 10:17:10 AM - Roof Repair in Quebec City in Quebec City (Word count: 1553)
[SUCCESS] 10:17:39 AM - Tile Roofing in Quebec City in Quebec City (Word count: 1452)
[SUCCESS] 10:18:08 AM - Gutter Installation in Regina in Regina (Word count: 1427)
[SUCCESS] 10:18:35 AM - Metal Roofing in Regina in Regina (Word count: 1448)
[SUCCESS] 10:19:04 AM - Roof Inspection in Regina in Regina (Word count: 1518)
[SUCCESS] 10:19:34 AM - Roof Installation in Regina in Regina (Word count: 1429)
[SUCCESS] 10:20:04 AM - Roof Leak Repair in Regina in Regina (Word count: 1548)
[SUCCESS] 10:20:35 AM - Roof Repair in Regina in Regina (Word count: 1644)
[SUCCESS] 10:21:04 AM - Tile Roofing in Regina in Regina (Word count: 1466)
[SUCCESS] 10:21:34 AM - Gutter Installation in Richmond in Richmond (Word count: 1515)
[SUCCESS] 10:22:04 AM - Metal Roofing in Richmond in Richmond (Word count: 1449)
[SUCCESS] 10:22:34 AM - Roof Inspection in Richmond in Richmond (Word count: 1561)
[SUCCESS] 10:23:03 AM - Roof Installation in Richmond in Richmond (Word count: 1420)
[SUCCESS] 10:23:31 AM - Roof Leak Repair in Richmond in Richmond (Word count: 1475)
[SUCCESS] 10:24:00 AM - Roof Repair in Richmond in Richmond (Word count: 1578)
[SUCCESS] 10:24:29 AM - Tile Roofing in Richmond in Richmond (Word count: 1481)
[SUCCESS] 10:24:57 AM - Gutter Installation in Saguenay in Saguenay (Word count: 1484)
[SUCCESS] 10:25:27 AM - Metal Roofing in Saguenay in Saguenay (Word count: 1546)
[SUCCESS] 10:25:57 AM - Roof Inspection in Saguenay in Saguenay (Word count: 1441)
[SUCCESS] 10:26:25 AM - Roof Installation in Saguenay in Saguenay (Word count: 1430)
[SUCCESS] 10:26:54 AM - Roof Leak Repair in Saguenay in Saguenay (Word count: 1531)
[SUCCESS] 10:27:22 AM - Roof Repair in Saguenay in Saguenay (Word count: 1386)
[SUCCESS] 10:27:52 AM - Tile Roofing in Saguenay in Saguenay (Word count: 1564)
[SUCCESS] 10:28:20 AM - Gutter Installation in Saint John in Saint John (Word count: 1403)
[SUCCESS] 10:28:48 AM - Metal Roofing in Saint John in Saint John (Word count: 1499)
[SUCCESS] 10:29:16 AM - Roof Inspection in Saint John in Saint John (Word count: 1586)
[SUCCESS] 10:29:46 AM - Roof Installation in Saint John in Saint John (Word count: 1520)
[SUCCESS] 10:30:15 AM - Roof Leak Repair in Saint John in Saint John (Word count: 1690)
[SUCCESS] 10:30:53 AM - Roof Repair in Saint John in Saint John (Word count: 1491)
[SUCCESS] 10:31:22 AM - Tile Roofing in Saint John in Saint John (Word count: 1469)
[SUCCESS] 10:31:50 AM - Gutter Installation in Saskatoon in Saskatoon (Word count: 1462)
[SUCCESS] 10:32:20 AM - Metal Roofing in Saskatoon in Saskatoon (Word count: 1581)
[SUCCESS] 10:32:48 AM - Roof Inspection in Saskatoon in Saskatoon (Word count: 1527)
[SUCCESS] 10:33:17 AM - Roof Installation in Saskatoon in Saskatoon (Word count: 1385)
[SUCCESS] 10:33:46 AM - Roof Leak Repair in Saskatoon in Saskatoon (Word count: 1556)
[SUCCESS] 10:34:28 AM - Roof Repair in Saskatoon in Saskatoon (Word count: 1592)
[SUCCESS] 10:35:02 AM - Tile Roofing in Saskatoon in Saskatoon (Word count: 1394)
[SUCCESS] 10:35:32 AM - Gutter Installation in Sherbrooke in Sherbrooke (Word count: 1599)
[SUCCESS] 10:36:01 AM - Metal Roofing in Sherbrooke in Sherbrooke (Word count: 1444)
[SUCCESS] 10:36:32 AM - Roof Inspection in Sherbrooke in Sherbrooke (Word count: 1398)
[SUCCESS] 10:37:01 AM - Roof Installation in Sherbrooke in Sherbrooke (Word count: 1528)
[SUCCESS] 10:37:33 AM - Roof Leak Repair in Sherbrooke in Sherbrooke (Word count: 1465)
[SUCCESS] 10:38:05 AM - Roof Repair in Sherbrooke in Sherbrooke (Word count: 1406)
[SUCCESS] 10:38:33 AM - Tile Roofing in Sherbrooke in Sherbrooke (Word count: 1337)
[SUCCESS] 10:39:02 AM - Gutter Installation in St. John's in St. John's (Word count: 1416)
[SUCCESS] 10:39:31 AM - Metal Roofing in St. John's in St. John's (Word count: 1551)
[SUCCESS] 10:39:59 AM - Roof Inspection in St. John's in St. John's (Word count: 1349)
[SUCCESS] 10:40:28 AM - Roof Installation in St. John's in St. John's (Word count: 1456)
[SUCCESS] 10:40:58 AM - Roof Leak Repair in St. John's in St. John's (Word count: 1547)
[SUCCESS] 10:41:27 AM - Roof Repair in St. John's in St. John's (Word count: 1427)
[SUCCESS] 10:41:56 AM - Tile Roofing in St. John's in St. John's (Word count: 1530)
[SUCCESS] 10:42:26 AM - Gutter Installation in Steinbach in Steinbach (Word count: 1440)
[SUCCESS] 10:42:54 AM - Metal Roofing in Steinbach in Steinbach (Word count: 1465)
[SUCCESS] 10:43:24 AM - Roof Inspection in Steinbach in Steinbach (Word count: 1466)
[SUCCESS] 10:43:52 AM - Roof Installation in Steinbach in Steinbach (Word count: 1423)
[SUCCESS] 10:44:21 AM - Roof Leak Repair in Steinbach in Steinbach (Word count: 1540)
[SUCCESS] 10:44:52 AM - Roof Repair in Steinbach in Steinbach (Word count: 1719)
[SUCCESS] 10:45:23 AM - Tile Roofing in Steinbach in Steinbach (Word count: 1414)
[SUCCESS] 10:45:50 AM - Gutter Installation in Stratford in Stratford (Word count: 1278)
[SUCCESS] 10:46:19 AM - Metal Roofing in Stratford in Stratford (Word count: 1496)
[SUCCESS] 10:46:48 AM - Roof Inspection in Stratford in Stratford (Word count: 1520)
[SUCCESS] 10:47:17 AM - Roof Installation in Stratford in Stratford (Word count: 1461)
[SUCCESS] 10:47:47 AM - Roof Leak Repair in Stratford in Stratford (Word count: 1509)
[SUCCESS] 10:48:17 AM - Roof Repair in Stratford in Stratford (Word count: 1638)
[SUCCESS] 10:48:46 AM - Tile Roofing in Stratford in Stratford (Word count: 1434)
[SUCCESS] 10:49:15 AM - Gutter Installation in Summerside in Summerside (Word count: 1436)
[SUCCESS] 10:49:45 AM - Metal Roofing in Summerside in Summerside (Word count: 1484)
[SUCCESS] 10:50:14 AM - Roof Inspection in Summerside in Summerside (Word count: 1460)
[SUCCESS] 10:50:44 AM - Roof Installation in Summerside in Summerside (Word count: 1458)
[SUCCESS] 10:51:15 AM - Roof Leak Repair in Summerside in Summerside (Word count: 1384)
[SUCCESS] 10:51:45 AM - Roof Repair in Summerside in Summerside (Word count: 1517)
[SUCCESS] 10:52:15 AM - Tile Roofing in Summerside in Summerside (Word count: 1439)
[SUCCESS] 10:52:49 AM - Metal Roofing in Surrey in Surrey (Word count: 1455)
[SUCCESS] 10:53:20 AM - Gutter Installation in Swift Current in Swift Current (Word count: 1517)
[SUCCESS] 10:53:48 AM - Metal Roofing in Swift Current in Swift Current (Word count: 1404)
[SUCCESS] 10:54:20 AM - Roof Inspection in Swift Current in Swift Current (Word count: 1612)
[SUCCESS] 10:54:50 AM - Roof Installation in Swift Current in Swift Current (Word count: 1471)
[SUCCESS] 10:55:21 AM - Roof Leak Repair in Swift Current in Swift Current (Word count: 1476)
[SUCCESS] 10:55:51 AM - Roof Repair in Swift Current in Swift Current (Word count: 1468)
[SUCCESS] 10:56:22 AM - Tile Roofing in Swift Current in Swift Current (Word count: 1431)
[SUCCESS] 10:56:54 AM - Gutter Installation in Sydney in Sydney (Word count: 1455)
[SUCCESS] 10:57:24 AM - Metal Roofing in Sydney in Sydney (Word count: 1362)
[SUCCESS] 10:57:54 AM - Roof Inspection in Sydney in Sydney (Word count: 1363)
[SUCCESS] 10:58:24 AM - Roof Installation in Sydney in Sydney (Word count: 1498)
[SUCCESS] 10:58:56 AM - Roof Leak Repair in Sydney in Sydney (Word count: 1413)
[SUCCESS] 10:59:27 AM - Roof Repair in Sydney in Sydney (Word count: 1461)
[SUCCESS] 11:00:01 AM - Tile Roofing in Sydney in Sydney (Word count: 1446)
[SUCCESS] 11:00:35 AM - Gutter Installation in Thompson in Thompson (Word count: 1593)
[SUCCESS] 11:01:09 AM - Metal Roofing in Thompson in Thompson (Word count: 1542)
[SUCCESS] 11:01:39 AM - Roof Inspection in Thompson in Thompson (Word count: 1508)
[SUCCESS] 11:02:14 AM - Roof Installation in Thompson in Thompson (Word count: 1505)
[SUCCESS] 11:02:44 AM - Roof Leak Repair in Thompson in Thompson (Word count: 1503)
[SUCCESS] 11:03:16 AM - Roof Repair in Thompson in Thompson (Word count: 1516)
[SUCCESS] 11:03:49 AM - Tile Roofing in Thompson in Thompson (Word count: 1600)
[SUCCESS] 11:04:18 AM - Gutter Installation in Toronto in Toronto (Word count: 1457)
[SUCCESS] 11:04:49 AM - Metal Roofing in Toronto in Toronto (Word count: 1512)
[SUCCESS] 11:05:18 AM - Roof Inspection in Toronto in Toronto (Word count: 1357)
[SUCCESS] 11:05:46 AM - Roof Installation in Toronto in Toronto (Word count: 1391)
[SUCCESS] 11:06:15 AM - Roof Leak Repair in Toronto in Toronto (Word count: 1436)
[SUCCESS] 11:06:45 AM - Roof Repair in Toronto in Toronto (Word count: 1411)
[SUCCESS] 11:07:15 AM - Tile Roofing in Toronto in Toronto (Word count: 1382)
[SUCCESS] 11:07:46 AM - Gutter Installation in Truro in Truro (Word count: 1469)
[SUCCESS] 11:08:17 AM - Metal Roofing in Truro in Truro (Word count: 1514)
[SUCCESS] 11:08:49 AM - Roof Inspection in Truro in Truro (Word count: 1499)
[SUCCESS] 11:09:21 AM - Roof Installation in Truro in Truro (Word count: 1619)
[SUCCESS] 11:09:51 AM - Roof Leak Repair in Truro in Truro (Word count: 1447)
[SUCCESS] 11:10:20 AM - Roof Repair in Truro in Truro (Word count: 1376)
[SUCCESS] 11:10:50 AM - Tile Roofing in Truro in Truro (Word count: 1424)
[SUCCESS] 11:11:20 AM - Gutter Installation in Vancouver in Vancouver (Word count: 1468)
[SUCCESS] 11:11:50 AM - Metal Roofing in Vancouver in Vancouver (Word count: 1406)
[SUCCESS] 11:12:20 AM - Roof Inspection in Vancouver in Vancouver (Word count: 1411)
[SUCCESS] 11:12:51 AM - Roof Installation in Vancouver in Vancouver (Word count: 1483)
[SUCCESS] 11:13:21 AM - Roof Leak Repair in Vancouver in Vancouver (Word count: 1578)
[SUCCESS] 11:13:50 AM - Roof Repair in Vancouver in Vancouver (Word count: 1429)
[SUCCESS] 11:14:20 AM - Tile Roofing in Vancouver in Vancouver (Word count: 1447)
[SUCCESS] 11:14:49 AM - Gutter Installation in Vaughan in Vaughan (Word count: 1442)
[SUCCESS] 11:15:21 AM - Metal Roofing in Vaughan in Vaughan (Word count: 1511)
[SUCCESS] 11:15:52 AM - Roof Inspection in Vaughan in Vaughan (Word count: 1611)
[SUCCESS] 11:16:22 AM - Roof Installation in Vaughan in Vaughan (Word count: 1492)
[SUCCESS] 11:16:54 AM - Roof Leak Repair in Vaughan in Vaughan (Word count: 1533)
[SUCCESS] 11:17:25 AM - Roof Repair in Vaughan in Vaughan (Word count: 1421)
[SUCCESS] 11:17:55 AM - Tile Roofing in Vaughan in Vaughan (Word count: 1421)
[SUCCESS] 11:18:26 AM - Gutter Installation in Victoria in Victoria (Word count: 1561)
[SUCCESS] 11:18:56 AM - Metal Roofing in Victoria in Victoria (Word count: 1487)
[SUCCESS] 11:19:25 AM - Roof Inspection in Victoria in Victoria (Word count: 1405)
[SUCCESS] 11:19:56 AM - Roof Installation in Victoria in Victoria (Word count: 1538)
[SUCCESS] 11:20:25 AM - Roof Leak Repair in Victoria in Victoria (Word count: 1549)
[SUCCESS] 11:20:55 AM - Roof Repair in Victoria in Victoria (Word count: 1415)
[SUCCESS] 11:21:24 AM - Tile Roofing in Victoria in Victoria (Word count: 1480)
[SUCCESS] 11:21:55 AM - Gutter Installation in Whitehorse in Whitehorse (Word count: 1561)
[SUCCESS] 11:22:28 AM - Metal Roofing in Whitehorse in Whitehorse (Word count: 1319)
[SUCCESS] 11:22:57 AM - Roof Inspection in Whitehorse in Whitehorse (Word count: 1448)
[SUCCESS] 11:23:27 AM - Roof Installation in Whitehorse in Whitehorse (Word count: 1619)
[SUCCESS] 11:24:01 AM - Roof Leak Repair in Whitehorse in Whitehorse (Word count: 1398)
[SUCCESS] 11:24:30 AM - Roof Repair in Whitehorse in Whitehorse (Word count: 1523)
[SUCCESS] 11:24:58 AM - Tile Roofing in Whitehorse in Whitehorse (Word count: 1333)
[SUCCESS] 11:25:27 AM - Gutter Installation in Windsor in Windsor (Word count: 1452)
[SUCCESS] 11:25:58 AM - Metal Roofing in Windsor in Windsor (Word count: 1517)
[SUCCESS] 11:26:28 AM - Roof Inspection in Windsor in Windsor (Word count: 1421)
[SUCCESS] 11:26:58 AM - Roof Installation in Windsor in Windsor (Word count: 1485)
[SUCCESS] 11:27:27 AM - Roof Leak Repair in Windsor in Windsor (Word count: 1551)
[SUCCESS] 11:27:58 AM - Roof Repair in Windsor in Windsor (Word count: 1539)
[SUCCESS] 11:28:31 AM - Tile Roofing in Windsor in Windsor (Word count: 1485)
[SUCCESS] 11:29:03 AM - Gutter Installation in Winnipeg in Winnipeg (Word count: 1466)
[SUCCESS] 11:29:33 AM - Metal Roofing in Winnipeg in Winnipeg (Word count: 1361)
[SUCCESS] 11:30:03 AM - Roof Inspection in Winnipeg in Winnipeg (Word count: 1539)
[SUCCESS] 11:30:33 AM - Roof Installation in Winnipeg in Winnipeg (Word count: 1383)
[SUCCESS] 11:31:02 AM - Roof Leak Repair in Winnipeg in Winnipeg (Word count: 1564)
[SUCCESS] 11:31:32 AM - Roof Repair in Winnipeg in Winnipeg (Word count: 1500)
[SUCCESS] 11:32:00 AM - Tile Roofing in Winnipeg in Winnipeg (Word count: 1374)
[SUCCESS] 11:32:30 AM - Gutter Installation in Yellowknife in Yellowknife (Word count: 1467)
[SUCCESS] 11:32:59 AM - Metal Roofing in Yellowknife in Yellowknife (Word count: 1337)
[SUCCESS] 11:33:29 AM - Roof Inspection in Yellowknife in Yellowknife (Word count: 1476)
[SUCCESS] 11:33:58 AM - Roof Installation in Yellowknife in Yellowknife (Word count: 1414)
[SUCCESS] 11:34:30 AM - Roof Leak Repair in Yellowknife in Yellowknife (Word count: 1467)
[SUCCESS] 11:34:59 AM - Roof Repair in Yellowknife in Yellowknife (Word count: 1464)
[SUCCESS] 11:35:30 AM - Tile Roofing in Yellowknife in Yellowknife (Word count: 1500)
[SUCCESS] 11:36:01 AM - Roof Inspection in Calgary in Calgary (Word count: 1352)
[SUCCESS] 11:36:32 AM - Roof Leak Repair in Calgary in Calgary (Word count: 1525)
